ARM GAS  C:\Users\Kuanysh\AppData\Local\Temp\cc0nxVPm.s 			page 1


   1              		.cpu cortex-m3
   2              		.arch armv7-m
   3              		.fpu softvfp
   4              		.eabi_attribute 20, 1
   5              		.eabi_attribute 21, 1
   6              		.eabi_attribute 23, 3
   7              		.eabi_attribute 24, 1
   8              		.eabi_attribute 25, 1
   9              		.eabi_attribute 26, 1
  10              		.eabi_attribute 30, 1
  11              		.eabi_attribute 34, 1
  12              		.eabi_attribute 18, 4
  13              		.file	"midi_router.c"
  14              		.text
  15              	.Ltext0:
  16              		.cfi_sections	.debug_frame
  17              		.section	.text.USBD_MIDI_DataInHandler,"ax",%progbits
  18              		.align	1
  19              		.global	USBD_MIDI_DataInHandler
  20              		.syntax unified
  21              		.thumb
  22              		.thumb_func
  24              	USBD_MIDI_DataInHandler:
  25              	.LVL0:
  26              	.LFB68:
  27              		.file 1 "Core/Src/midi_router.c"
   1:Core/Src/midi_router.c **** 
   2:Core/Src/midi_router.c **** #include "midi_router.h"
   3:Core/Src/midi_router.c **** #include "usb_device.h"
   4:Core/Src/midi_router.c **** #include "usbd_midi.h"
   5:Core/Src/midi_router.c **** 
   6:Core/Src/midi_router.c **** extern USBD_HandleTypeDef hUsbDeviceFS;
   7:Core/Src/midi_router.c **** 
   8:Core/Src/midi_router.c **** static uint8_t buffUsbReport[MIDI_EPIN_SIZE] = {0};
   9:Core/Src/midi_router.c **** static uint8_t buffUsbReportNextIndex = 0;
  10:Core/Src/midi_router.c **** 
  11:Core/Src/midi_router.c **** static uint8_t buffUsb[MIDI_BUFFER_LENGTH] = {0};
  12:Core/Src/midi_router.c **** volatile static uint8_t buffUsbNextIndex = 0;
  13:Core/Src/midi_router.c **** static uint8_t buffUsbCurrIndex = 0;
  14:Core/Src/midi_router.c **** 
  15:Core/Src/midi_router.c **** void USBD_MIDI_DataInHandler(uint8_t *usb_rx_buffer, uint8_t usb_rx_buffer_length)
  16:Core/Src/midi_router.c **** {
  28              		.loc 1 16 1 view -0
  29              		.cfi_startproc
  30              		@ args = 0, pretend = 0, frame = 0
  31              		@ frame_needed = 0, uses_anonymous_args = 0
  32              		@ link register save eliminated.
  17:Core/Src/midi_router.c ****     while (usb_rx_buffer_length && *usb_rx_buffer != 0x00)
  33              		.loc 1 17 5 view .LVU1
  34              		.loc 1 17 11 view .LVU2
  35 0000 41B3     		cbz	r1, .L10
  16:Core/Src/midi_router.c ****     while (usb_rx_buffer_length && *usb_rx_buffer != 0x00)
  36              		.loc 1 16 1 is_stmt 0 view .LVU3
  37 0002 30B4     		push	{r4, r5}
  38              	.LCFI0:
  39              		.cfi_def_cfa_offset 8
  40              		.cfi_offset 4, -8
ARM GAS  C:\Users\Kuanysh\AppData\Local\Temp\cc0nxVPm.s 			page 2


  41              		.cfi_offset 5, -4
  42              	.L7:
  43              		.loc 1 17 36 discriminator 1 view .LVU4
  44 0004 0578     		ldrb	r5, [r0]	@ zero_extendqisi2
  45              		.loc 1 17 33 discriminator 1 view .LVU5
  46 0006 1DB3     		cbz	r5, .L1
  18:Core/Src/midi_router.c ****     {
  19:Core/Src/midi_router.c ****         buffUsb[buffUsbNextIndex++] = *usb_rx_buffer++;
  47              		.loc 1 19 9 is_stmt 1 view .LVU6
  48              	.LVL1:
  49              		.loc 1 19 33 is_stmt 0 view .LVU7
  50 0008 134B     		ldr	r3, .L11
  51 000a 1A78     		ldrb	r2, [r3]	@ zero_extendqisi2
  52 000c 5FFA82FC 		uxtb	ip, r2
  53 0010 0132     		adds	r2, r2, #1
  54 0012 D2B2     		uxtb	r2, r2
  55 0014 1A70     		strb	r2, [r3]
  56              		.loc 1 19 37 view .LVU8
  57 0016 114C     		ldr	r4, .L11+4
  58 0018 04F80C50 		strb	r5, [r4, ip]
  20:Core/Src/midi_router.c ****         buffUsb[buffUsbNextIndex++] = *usb_rx_buffer++;
  59              		.loc 1 20 9 is_stmt 1 view .LVU9
  60              	.LVL2:
  61              		.loc 1 20 33 is_stmt 0 view .LVU10
  62 001c 1A78     		ldrb	r2, [r3]	@ zero_extendqisi2
  63 001e D5B2     		uxtb	r5, r2
  64 0020 0132     		adds	r2, r2, #1
  65 0022 D2B2     		uxtb	r2, r2
  66 0024 1A70     		strb	r2, [r3]
  67              		.loc 1 20 39 view .LVU11
  68 0026 4278     		ldrb	r2, [r0, #1]	@ zero_extendqisi2
  69              		.loc 1 20 37 view .LVU12
  70 0028 6255     		strb	r2, [r4, r5]
  21:Core/Src/midi_router.c ****         buffUsb[buffUsbNextIndex++] = *usb_rx_buffer++;
  71              		.loc 1 21 9 is_stmt 1 view .LVU13
  72              	.LVL3:
  73              		.loc 1 21 33 is_stmt 0 view .LVU14
  74 002a 1A78     		ldrb	r2, [r3]	@ zero_extendqisi2
  75 002c D5B2     		uxtb	r5, r2
  76 002e 0132     		adds	r2, r2, #1
  77 0030 D2B2     		uxtb	r2, r2
  78 0032 1A70     		strb	r2, [r3]
  79              		.loc 1 21 39 view .LVU15
  80 0034 8278     		ldrb	r2, [r0, #2]	@ zero_extendqisi2
  81              		.loc 1 21 37 view .LVU16
  82 0036 6255     		strb	r2, [r4, r5]
  22:Core/Src/midi_router.c ****         buffUsb[buffUsbNextIndex++] = *usb_rx_buffer++;
  83              		.loc 1 22 9 is_stmt 1 view .LVU17
  84              	.LVL4:
  85              		.loc 1 22 33 is_stmt 0 view .LVU18
  86 0038 1A78     		ldrb	r2, [r3]	@ zero_extendqisi2
  87 003a D5B2     		uxtb	r5, r2
  88 003c 0132     		adds	r2, r2, #1
  89 003e D2B2     		uxtb	r2, r2
  90 0040 1A70     		strb	r2, [r3]
  91              		.loc 1 22 39 view .LVU19
  92 0042 C378     		ldrb	r3, [r0, #3]	@ zero_extendqisi2
ARM GAS  C:\Users\Kuanysh\AppData\Local\Temp\cc0nxVPm.s 			page 3


  93              		.loc 1 22 37 view .LVU20
  94 0044 6355     		strb	r3, [r4, r5]
  23:Core/Src/midi_router.c **** 
  24:Core/Src/midi_router.c ****         usb_rx_buffer_length -= 4;
  95              		.loc 1 24 9 is_stmt 1 view .LVU21
  96              		.loc 1 24 30 is_stmt 0 view .LVU22
  97 0046 0439     		subs	r1, r1, #4
  98              	.LVL5:
  99              		.loc 1 24 30 view .LVU23
 100 0048 C9B2     		uxtb	r1, r1
 101              	.LVL6:
  22:Core/Src/midi_router.c ****         buffUsb[buffUsbNextIndex++] = *usb_rx_buffer++;
 102              		.loc 1 22 53 view .LVU24
 103 004a 0430     		adds	r0, r0, #4
 104              	.LVL7:
  17:Core/Src/midi_router.c ****     {
 105              		.loc 1 17 11 is_stmt 1 view .LVU25
 106 004c 0029     		cmp	r1, #0
 107 004e D9D1     		bne	.L7
 108              	.L1:
  25:Core/Src/midi_router.c ****     }
  26:Core/Src/midi_router.c **** }
 109              		.loc 1 26 1 is_stmt 0 view .LVU26
 110 0050 30BC     		pop	{r4, r5}
 111              	.LCFI1:
 112              		.cfi_restore 5
 113              		.cfi_restore 4
 114              		.cfi_def_cfa_offset 0
 115 0052 7047     		bx	lr
 116              	.L10:
 117              		.loc 1 26 1 view .LVU27
 118 0054 7047     		bx	lr
 119              	.L12:
 120 0056 00BF     		.align	2
 121              	.L11:
 122 0058 00000000 		.word	.LANCHOR0
 123 005c 00000000 		.word	.LANCHOR1
 124              		.cfi_endproc
 125              	.LFE68:
 127              		.section	.text.MIDI_HasUSBData,"ax",%progbits
 128              		.align	1
 129              		.global	MIDI_HasUSBData
 130              		.syntax unified
 131              		.thumb
 132              		.thumb_func
 134              	MIDI_HasUSBData:
 135              	.LFB69:
  27:Core/Src/midi_router.c **** 
  28:Core/Src/midi_router.c **** bool MIDI_HasUSBData(void)
  29:Core/Src/midi_router.c **** {
 136              		.loc 1 29 1 is_stmt 1 view -0
 137              		.cfi_startproc
 138              		@ args = 0, pretend = 0, frame = 0
 139              		@ frame_needed = 0, uses_anonymous_args = 0
 140              		@ link register save eliminated.
  30:Core/Src/midi_router.c ****     return buffUsbCurrIndex != buffUsbNextIndex;
 141              		.loc 1 30 5 view .LVU29
ARM GAS  C:\Users\Kuanysh\AppData\Local\Temp\cc0nxVPm.s 			page 4


 142              		.loc 1 30 29 is_stmt 0 view .LVU30
 143 0000 044B     		ldr	r3, .L14
 144 0002 1B78     		ldrb	r3, [r3]	@ zero_extendqisi2
 145 0004 DBB2     		uxtb	r3, r3
 146 0006 044A     		ldr	r2, .L14+4
 147 0008 1078     		ldrb	r0, [r2]	@ zero_extendqisi2
  31:Core/Src/midi_router.c **** }
 148              		.loc 1 31 1 view .LVU31
 149 000a C01A     		subs	r0, r0, r3
 150 000c 18BF     		it	ne
 151 000e 0120     		movne	r0, #1
 152 0010 7047     		bx	lr
 153              	.L15:
 154 0012 00BF     		.align	2
 155              	.L14:
 156 0014 00000000 		.word	.LANCHOR0
 157 0018 00000000 		.word	.LANCHOR2
 158              		.cfi_endproc
 159              	.LFE69:
 161              		.section	.text.MIDI_ProcessUSBData,"ax",%progbits
 162              		.align	1
 163              		.global	MIDI_ProcessUSBData
 164              		.syntax unified
 165              		.thumb
 166              		.thumb_func
 168              	MIDI_ProcessUSBData:
 169              	.LFB70:
  32:Core/Src/midi_router.c **** 
  33:Core/Src/midi_router.c **** void MIDI_ProcessUSBData(void)
  34:Core/Src/midi_router.c **** {
 170              		.loc 1 34 1 is_stmt 1 view -0
 171              		.cfi_startproc
 172              		@ args = 0, pretend = 0, frame = 0
 173              		@ frame_needed = 0, uses_anonymous_args = 0
 174              		@ link register save eliminated.
  35:Core/Src/midi_router.c ****     static uint8_t lastMessagesBytePerWire[MIDI_WIRES_NUMBER] = {0};
 175              		.loc 1 35 5 view .LVU33
  36:Core/Src/midi_router.c ****     uint8_t *pLastMessageByte;
 176              		.loc 1 36 5 view .LVU34
  37:Core/Src/midi_router.c ****     uint8_t wire;
 177              		.loc 1 37 5 view .LVU35
  38:Core/Src/midi_router.c ****     uint8_t messageByte;
 178              		.loc 1 38 5 view .LVU36
  39:Core/Src/midi_router.c ****     uint8_t message;
 179              		.loc 1 39 5 view .LVU37
  40:Core/Src/midi_router.c ****     uint8_t param1;
 180              		.loc 1 40 5 view .LVU38
  41:Core/Src/midi_router.c ****     uint8_t param2;
 181              		.loc 1 41 5 view .LVU39
  42:Core/Src/midi_router.c ****     void (*pSend)(uint8_t);
 182              		.loc 1 42 5 view .LVU40
  43:Core/Src/midi_router.c **** 
  44:Core/Src/midi_router.c ****     if (buffUsbCurrIndex == buffUsbNextIndex)
 183              		.loc 1 44 5 view .LVU41
 184              		.loc 1 44 26 is_stmt 0 view .LVU42
 185 0000 054B     		ldr	r3, .L18
 186 0002 1B78     		ldrb	r3, [r3]	@ zero_extendqisi2
ARM GAS  C:\Users\Kuanysh\AppData\Local\Temp\cc0nxVPm.s 			page 5


 187 0004 054A     		ldr	r2, .L18+4
 188 0006 1278     		ldrb	r2, [r2]	@ zero_extendqisi2
 189 0008 D2B2     		uxtb	r2, r2
 190              		.loc 1 44 8 view .LVU43
 191 000a 9342     		cmp	r3, r2
 192 000c 02D0     		beq	.L16
  45:Core/Src/midi_router.c ****         return;
  46:Core/Src/midi_router.c **** 
  47:Core/Src/midi_router.c ****     wire = (buffUsb[buffUsbCurrIndex] >> 4);
 193              		.loc 1 47 5 is_stmt 1 view .LVU44
 194              	.LVL8:
  48:Core/Src/midi_router.c ****     messageByte = buffUsb[buffUsbCurrIndex + 1];
 195              		.loc 1 48 5 view .LVU45
  49:Core/Src/midi_router.c **** 
  50:Core/Src/midi_router.c ****     if (wire == 0)
 196              		.loc 1 50 5 view .LVU46
  51:Core/Src/midi_router.c ****     {
  52:Core/Src/midi_router.c ****         pLastMessageByte = &lastMessagesBytePerWire[0];
  53:Core/Src/midi_router.c ****         // pSend = &UART1_Send;
  54:Core/Src/midi_router.c ****     }
  55:Core/Src/midi_router.c ****     else if (wire == 1)
  56:Core/Src/midi_router.c ****     {
  57:Core/Src/midi_router.c ****         pLastMessageByte = &lastMessagesBytePerWire[1];
  58:Core/Src/midi_router.c ****         // pSend = &UART2_Send;
  59:Core/Src/midi_router.c ****     }
  60:Core/Src/midi_router.c ****     else if (wire == 2)
  61:Core/Src/midi_router.c ****     {
  62:Core/Src/midi_router.c ****         pLastMessageByte = &lastMessagesBytePerWire[2];
  63:Core/Src/midi_router.c ****         // pSend = &UART3_Send;
  64:Core/Src/midi_router.c ****     }
  65:Core/Src/midi_router.c ****     else
  66:Core/Src/midi_router.c ****     {
  67:Core/Src/midi_router.c ****         pSend = NULL;
  68:Core/Src/midi_router.c ****     }
  69:Core/Src/midi_router.c **** 
  70:Core/Src/midi_router.c ****     if (pSend != NULL)
 197              		.loc 1 70 5 view .LVU47
  71:Core/Src/midi_router.c ****     {
  72:Core/Src/midi_router.c ****         message = (messageByte >> 4);
  73:Core/Src/midi_router.c ****         param1 = buffUsb[buffUsbCurrIndex + 2];
  74:Core/Src/midi_router.c ****         param2 = buffUsb[buffUsbCurrIndex + 3];
  75:Core/Src/midi_router.c **** 
  76:Core/Src/midi_router.c ****         if ((messageByte & MIDI_MASK_REAL_TIME_MESSAGE) == MIDI_MASK_REAL_TIME_MESSAGE)
  77:Core/Src/midi_router.c ****         {
  78:Core/Src/midi_router.c ****             pSend(messageByte);
  79:Core/Src/midi_router.c ****         }
  80:Core/Src/midi_router.c ****         else if (message == MIDI_MESSAGE_CHANNEL_PRESSURE ||
  81:Core/Src/midi_router.c ****                  message == MIDI_MESSAGE_PROGRAM_CHANGE ||
  82:Core/Src/midi_router.c ****                  messageByte == MIDI_MESSAGE_TIME_CODE_QTR_FRAME ||
  83:Core/Src/midi_router.c ****                  messageByte == MIDI_MESSAGE_SONG_SELECT)
  84:Core/Src/midi_router.c ****         {
  85:Core/Src/midi_router.c ****             if (*pLastMessageByte != messageByte)
  86:Core/Src/midi_router.c ****             {
  87:Core/Src/midi_router.c ****                 pSend(messageByte);
  88:Core/Src/midi_router.c ****                 *pLastMessageByte = messageByte;
  89:Core/Src/midi_router.c ****             }
  90:Core/Src/midi_router.c ****             pSend(param1);
ARM GAS  C:\Users\Kuanysh\AppData\Local\Temp\cc0nxVPm.s 			page 6


  91:Core/Src/midi_router.c ****         }
  92:Core/Src/midi_router.c ****         else if (message == MIDI_MESSAGE_NOTE_ON ||
  93:Core/Src/midi_router.c ****                  message == MIDI_MESSAGE_NOTE_OFF ||
  94:Core/Src/midi_router.c ****                  message == MIDI_MESSAGE_KEY_PRESSURE ||
  95:Core/Src/midi_router.c ****                  message == MIDI_MESSAGE_CONTROL_CHANGE ||
  96:Core/Src/midi_router.c ****                  messageByte == MIDI_MESSAGE_SONG_POSITION ||
  97:Core/Src/midi_router.c ****                  message == MIDI_MESSAGE_PITCH_BAND_CHANGE)
  98:Core/Src/midi_router.c ****         {
  99:Core/Src/midi_router.c ****             if (*pLastMessageByte != messageByte)
 100:Core/Src/midi_router.c ****             {
 101:Core/Src/midi_router.c ****                 pSend(messageByte);
 102:Core/Src/midi_router.c ****                 *pLastMessageByte = messageByte;
 103:Core/Src/midi_router.c ****             }
 104:Core/Src/midi_router.c ****             pSend(param1);
 105:Core/Src/midi_router.c ****             pSend(param2);
 106:Core/Src/midi_router.c ****         }
 107:Core/Src/midi_router.c ****     }
 108:Core/Src/midi_router.c **** 
 109:Core/Src/midi_router.c ****     buffUsbCurrIndex += 4;
 198              		.loc 1 109 5 view .LVU48
 199              		.loc 1 109 22 is_stmt 0 view .LVU49
 200 000e 0433     		adds	r3, r3, #4
 201              	.LVL9:
 202              		.loc 1 109 22 view .LVU50
 203 0010 014A     		ldr	r2, .L18
 204 0012 1370     		strb	r3, [r2]
 205              	.LVL10:
 206              	.L16:
 110:Core/Src/midi_router.c **** }
 207              		.loc 1 110 1 view .LVU51
 208 0014 7047     		bx	lr
 209              	.L19:
 210 0016 00BF     		.align	2
 211              	.L18:
 212 0018 00000000 		.word	.LANCHOR2
 213 001c 00000000 		.word	.LANCHOR0
 214              		.cfi_endproc
 215              	.LFE70:
 217              		.section	.text.MIDI_addUSBReport,"ax",%progbits
 218              		.align	1
 219              		.global	MIDI_addUSBReport
 220              		.syntax unified
 221              		.thumb
 222              		.thumb_func
 224              	MIDI_addUSBReport:
 225              	.LVL11:
 226              	.LFB71:
 111:Core/Src/midi_router.c **** 
 112:Core/Src/midi_router.c **** void MIDI_addUSBReport(uint8_t wire, uint8_t message, uint8_t param1, uint8_t param2)
 113:Core/Src/midi_router.c **** {
 227              		.loc 1 113 1 is_stmt 1 view -0
 228              		.cfi_startproc
 229              		@ args = 0, pretend = 0, frame = 0
 230              		@ frame_needed = 0, uses_anonymous_args = 0
 231              		.loc 1 113 1 is_stmt 0 view .LVU53
 232 0000 38B5     		push	{r3, r4, r5, lr}
 233              	.LCFI2:
ARM GAS  C:\Users\Kuanysh\AppData\Local\Temp\cc0nxVPm.s 			page 7


 234              		.cfi_def_cfa_offset 16
 235              		.cfi_offset 3, -16
 236              		.cfi_offset 4, -12
 237              		.cfi_offset 5, -8
 238              		.cfi_offset 14, -4
 114:Core/Src/midi_router.c ****     buffUsbReport[buffUsbReportNextIndex++] = (wire << 4) | (message >> 4);
 239              		.loc 1 114 5 is_stmt 1 view .LVU54
 240              		.loc 1 114 41 is_stmt 0 view .LVU55
 241 0002 174C     		ldr	r4, .L24
 242 0004 94F800E0 		ldrb	lr, [r4]	@ zero_extendqisi2
 243 0008 0EF1010C 		add	ip, lr, #1
 244 000c 5FFA8CFC 		uxtb	ip, ip
 245 0010 84F800C0 		strb	ip, [r4]
 246              		.loc 1 114 59 view .LVU56
 247 0014 0D09     		lsrs	r5, r1, #4
 248 0016 45EA0010 		orr	r0, r5, r0, lsl #4
 249              	.LVL12:
 250              		.loc 1 114 45 view .LVU57
 251 001a 124D     		ldr	r5, .L24+4
 252 001c 05F80E00 		strb	r0, [r5, lr]
 115:Core/Src/midi_router.c ****     buffUsbReport[buffUsbReportNextIndex++] = (message);
 253              		.loc 1 115 5 is_stmt 1 view .LVU58
 254              		.loc 1 115 41 is_stmt 0 view .LVU59
 255 0020 0CF10100 		add	r0, ip, #1
 256 0024 C0B2     		uxtb	r0, r0
 257 0026 2070     		strb	r0, [r4]
 258              		.loc 1 115 45 view .LVU60
 259 0028 05F80C10 		strb	r1, [r5, ip]
 116:Core/Src/midi_router.c ****     buffUsbReport[buffUsbReportNextIndex++] = (param1);
 260              		.loc 1 116 5 is_stmt 1 view .LVU61
 261              		.loc 1 116 41 is_stmt 0 view .LVU62
 262 002c 411C     		adds	r1, r0, #1
 263              	.LVL13:
 264              		.loc 1 116 41 view .LVU63
 265 002e C9B2     		uxtb	r1, r1
 266 0030 2170     		strb	r1, [r4]
 267              		.loc 1 116 45 view .LVU64
 268 0032 2A54     		strb	r2, [r5, r0]
 269              	.LVL14:
 117:Core/Src/midi_router.c ****     buffUsbReport[buffUsbReportNextIndex++] = (param2);
 270              		.loc 1 117 5 is_stmt 1 view .LVU65
 271              		.loc 1 117 41 is_stmt 0 view .LVU66
 272 0034 4A1C     		adds	r2, r1, #1
 273              	.LVL15:
 274              		.loc 1 117 41 view .LVU67
 275 0036 D2B2     		uxtb	r2, r2
 276 0038 2270     		strb	r2, [r4]
 277              		.loc 1 117 45 view .LVU68
 278 003a 6B54     		strb	r3, [r5, r1]
 279              	.LVL16:
 118:Core/Src/midi_router.c **** 
 119:Core/Src/midi_router.c ****     if (buffUsbReportNextIndex == MIDI_EPIN_SIZE)
 280              		.loc 1 119 5 is_stmt 1 view .LVU69
 281              		.loc 1 119 8 is_stmt 0 view .LVU70
 282 003c 402A     		cmp	r2, #64
 283 003e 00D0     		beq	.L22
 284              	.LVL17:
ARM GAS  C:\Users\Kuanysh\AppData\Local\Temp\cc0nxVPm.s 			page 8


 285              	.L20:
 120:Core/Src/midi_router.c ****     {
 121:Core/Src/midi_router.c ****         while (USBD_MIDI_GetState(&hUsbDeviceFS) != MIDI_IDLE) {};
 122:Core/Src/midi_router.c ****         USBD_MIDI_SendReport(&hUsbDeviceFS, buffUsbReport, MIDI_EPIN_SIZE);
 123:Core/Src/midi_router.c ****         buffUsbReportNextIndex = 0;
 124:Core/Src/midi_router.c ****     }
 125:Core/Src/midi_router.c **** }
 286              		.loc 1 125 1 view .LVU71
 287 0040 38BD     		pop	{r3, r4, r5, pc}
 288              	.L22:
 121:Core/Src/midi_router.c ****         USBD_MIDI_SendReport(&hUsbDeviceFS, buffUsbReport, MIDI_EPIN_SIZE);
 289              		.loc 1 121 65 is_stmt 1 discriminator 1 view .LVU72
 121:Core/Src/midi_router.c ****         USBD_MIDI_SendReport(&hUsbDeviceFS, buffUsbReport, MIDI_EPIN_SIZE);
 290              		.loc 1 121 15 discriminator 1 view .LVU73
 121:Core/Src/midi_router.c ****         USBD_MIDI_SendReport(&hUsbDeviceFS, buffUsbReport, MIDI_EPIN_SIZE);
 291              		.loc 1 121 16 is_stmt 0 discriminator 1 view .LVU74
 292 0042 0948     		ldr	r0, .L24+8
 293 0044 FFF7FEFF 		bl	USBD_MIDI_GetState
 294              	.LVL18:
 121:Core/Src/midi_router.c ****         USBD_MIDI_SendReport(&hUsbDeviceFS, buffUsbReport, MIDI_EPIN_SIZE);
 295              		.loc 1 121 15 discriminator 1 view .LVU75
 296 0048 0028     		cmp	r0, #0
 297 004a FAD1     		bne	.L22
 121:Core/Src/midi_router.c ****         USBD_MIDI_SendReport(&hUsbDeviceFS, buffUsbReport, MIDI_EPIN_SIZE);
 298              		.loc 1 121 66 is_stmt 1 discriminator 2 view .LVU76
 122:Core/Src/midi_router.c ****         buffUsbReportNextIndex = 0;
 299              		.loc 1 122 9 discriminator 2 view .LVU77
 300 004c 4022     		movs	r2, #64
 301 004e 0549     		ldr	r1, .L24+4
 302 0050 0548     		ldr	r0, .L24+8
 303 0052 FFF7FEFF 		bl	USBD_MIDI_SendReport
 304              	.LVL19:
 123:Core/Src/midi_router.c ****     }
 305              		.loc 1 123 9 discriminator 2 view .LVU78
 123:Core/Src/midi_router.c ****     }
 306              		.loc 1 123 32 is_stmt 0 discriminator 2 view .LVU79
 307 0056 024B     		ldr	r3, .L24
 308 0058 0022     		movs	r2, #0
 309 005a 1A70     		strb	r2, [r3]
 310              		.loc 1 125 1 discriminator 2 view .LVU80
 311 005c F0E7     		b	.L20
 312              	.L25:
 313 005e 00BF     		.align	2
 314              	.L24:
 315 0060 00000000 		.word	.LANCHOR3
 316 0064 00000000 		.word	.LANCHOR4
 317 0068 00000000 		.word	hUsbDeviceFS
 318              		.cfi_endproc
 319              	.LFE71:
 321              		.section	.text.MIDI_ProcessUARTData,"ax",%progbits
 322              		.align	1
 323              		.global	MIDI_ProcessUARTData
 324              		.syntax unified
 325              		.thumb
 326              		.thumb_func
 328              	MIDI_ProcessUARTData:
 329              	.LFB72:
ARM GAS  C:\Users\Kuanysh\AppData\Local\Temp\cc0nxVPm.s 			page 9


 126:Core/Src/midi_router.c **** 
 127:Core/Src/midi_router.c **** void MIDI_ProcessUARTData(void)
 128:Core/Src/midi_router.c **** {
 330              		.loc 1 128 1 is_stmt 1 view -0
 331              		.cfi_startproc
 332              		@ args = 0, pretend = 0, frame = 0
 333              		@ frame_needed = 0, uses_anonymous_args = 0
 334 0000 08B5     		push	{r3, lr}
 335              	.LCFI3:
 336              		.cfi_def_cfa_offset 8
 337              		.cfi_offset 3, -8
 338              		.cfi_offset 14, -4
 129:Core/Src/midi_router.c ****     uint8_t messageByte;
 339              		.loc 1 129 5 view .LVU82
 130:Core/Src/midi_router.c ****     uint8_t wire;
 340              		.loc 1 130 5 view .LVU83
 131:Core/Src/midi_router.c ****     uint8_t *pBuff;
 341              		.loc 1 131 5 view .LVU84
 132:Core/Src/midi_router.c ****     uint8_t *pBuffIndex;
 342              		.loc 1 132 5 view .LVU85
 133:Core/Src/midi_router.c ****     uint8_t *pMessage;
 343              		.loc 1 133 5 view .LVU86
 134:Core/Src/midi_router.c **** 
 135:Core/Src/midi_router.c ****     if (false)
 344              		.loc 1 135 5 view .LVU87
 136:Core/Src/midi_router.c ****     {
 137:Core/Src/midi_router.c **** //        messageByte = UART1_Get();
 138:Core/Src/midi_router.c **** //        wire = MIDI_UART1_WIRE;
 139:Core/Src/midi_router.c **** //        pBuff = buffUart1;
 140:Core/Src/midi_router.c **** //        pBuffIndex = &buffUartIndex1;
 141:Core/Src/midi_router.c **** //        pMessage = &msgUart1;
 142:Core/Src/midi_router.c ****     }
 143:Core/Src/midi_router.c ****     else
 144:Core/Src/midi_router.c ****     {
 145:Core/Src/midi_router.c ****         goto try_to_send_usb_midi_report;
 345              		.loc 1 145 9 view .LVU88
 346              	.LDL1:
 146:Core/Src/midi_router.c ****     }
 147:Core/Src/midi_router.c **** 
 148:Core/Src/midi_router.c ****     if ((messageByte & MIDI_MASK_REAL_TIME_MESSAGE) == MIDI_MASK_REAL_TIME_MESSAGE)
 149:Core/Src/midi_router.c ****     {
 150:Core/Src/midi_router.c ****         MIDI_addUSBReport(wire, messageByte, 0x00, 0x00);
 151:Core/Src/midi_router.c ****     }
 152:Core/Src/midi_router.c ****     else
 153:Core/Src/midi_router.c ****     {
 154:Core/Src/midi_router.c ****         if ((messageByte & MIDI_MASK_STATUS_BYTE) == MIDI_MASK_STATUS_BYTE)
 155:Core/Src/midi_router.c ****         {
 156:Core/Src/midi_router.c ****             *pBuffIndex = 0;
 157:Core/Src/midi_router.c ****         }
 158:Core/Src/midi_router.c **** 
 159:Core/Src/midi_router.c ****         pBuff[*pBuffIndex] = messageByte;
 160:Core/Src/midi_router.c **** 
 161:Core/Src/midi_router.c ****         if (*pBuffIndex == 0)
 162:Core/Src/midi_router.c ****         {
 163:Core/Src/midi_router.c ****             *pMessage = messageByte >> 4;
 164:Core/Src/midi_router.c **** 
 165:Core/Src/midi_router.c ****             if (*pMessage == MIDI_MESSAGE_NOTE_OFF ||
ARM GAS  C:\Users\Kuanysh\AppData\Local\Temp\cc0nxVPm.s 			page 10


 166:Core/Src/midi_router.c ****                 *pMessage == MIDI_MESSAGE_NOTE_ON ||
 167:Core/Src/midi_router.c ****                 *pMessage == MIDI_MESSAGE_KEY_PRESSURE ||
 168:Core/Src/midi_router.c ****                 *pMessage == MIDI_MESSAGE_CONTROL_CHANGE ||
 169:Core/Src/midi_router.c ****                 *pMessage == MIDI_MESSAGE_PROGRAM_CHANGE ||
 170:Core/Src/midi_router.c ****                 *pMessage == MIDI_MESSAGE_CHANNEL_PRESSURE ||
 171:Core/Src/midi_router.c ****                 *pMessage == MIDI_MESSAGE_PITCH_BAND_CHANGE)
 172:Core/Src/midi_router.c ****             {
 173:Core/Src/midi_router.c ****                 *pBuffIndex = 1;
 174:Core/Src/midi_router.c ****             }
 175:Core/Src/midi_router.c ****             else if (messageByte == MIDI_MESSAGE_SONG_SELECT ||
 176:Core/Src/midi_router.c ****                      messageByte == MIDI_MESSAGE_SONG_POSITION ||
 177:Core/Src/midi_router.c ****                      messageByte == MIDI_MESSAGE_TIME_CODE_QTR_FRAME)
 178:Core/Src/midi_router.c ****             {
 179:Core/Src/midi_router.c ****                 *pMessage = messageByte;
 180:Core/Src/midi_router.c ****                 *pBuffIndex = 1;
 181:Core/Src/midi_router.c ****             }
 182:Core/Src/midi_router.c ****         }
 183:Core/Src/midi_router.c ****         else if (*pBuffIndex == 1)
 184:Core/Src/midi_router.c ****         {
 185:Core/Src/midi_router.c ****             if (*pMessage == MIDI_MESSAGE_CHANNEL_PRESSURE ||
 186:Core/Src/midi_router.c ****                 *pMessage == MIDI_MESSAGE_PROGRAM_CHANGE ||
 187:Core/Src/midi_router.c ****                 *pMessage == MIDI_MESSAGE_TIME_CODE_QTR_FRAME ||
 188:Core/Src/midi_router.c ****                 *pMessage == MIDI_MESSAGE_SONG_SELECT)
 189:Core/Src/midi_router.c ****             {
 190:Core/Src/midi_router.c ****                 MIDI_addUSBReport(wire, pBuff[0], pBuff[1], 0x00);
 191:Core/Src/midi_router.c ****                 *pBuffIndex = 1;
 192:Core/Src/midi_router.c ****             }
 193:Core/Src/midi_router.c ****             else
 194:Core/Src/midi_router.c ****             {
 195:Core/Src/midi_router.c ****                 *pBuffIndex = 2;
 196:Core/Src/midi_router.c ****             }
 197:Core/Src/midi_router.c ****         }
 198:Core/Src/midi_router.c ****         else if (*pBuffIndex == 2)
 199:Core/Src/midi_router.c ****         {
 200:Core/Src/midi_router.c ****             if (*pMessage == MIDI_MESSAGE_NOTE_ON ||
 201:Core/Src/midi_router.c ****                 *pMessage == MIDI_MESSAGE_NOTE_OFF ||
 202:Core/Src/midi_router.c ****                 *pMessage == MIDI_MESSAGE_KEY_PRESSURE ||
 203:Core/Src/midi_router.c ****                 *pMessage == MIDI_MESSAGE_CONTROL_CHANGE ||
 204:Core/Src/midi_router.c ****                 *pMessage == MIDI_MESSAGE_SONG_POSITION ||
 205:Core/Src/midi_router.c ****                 *pMessage == MIDI_MESSAGE_PITCH_BAND_CHANGE)
 206:Core/Src/midi_router.c ****             {
 207:Core/Src/midi_router.c ****                 MIDI_addUSBReport(wire, pBuff[0], pBuff[1], pBuff[2]);
 208:Core/Src/midi_router.c ****             }
 209:Core/Src/midi_router.c **** 
 210:Core/Src/midi_router.c ****             *pBuffIndex = 1;
 211:Core/Src/midi_router.c ****         }
 212:Core/Src/midi_router.c ****     }
 213:Core/Src/midi_router.c **** 
 214:Core/Src/midi_router.c ****     try_to_send_usb_midi_report:
 215:Core/Src/midi_router.c ****     if (buffUsbReportNextIndex != 0 && USBD_MIDI_GetState(&hUsbDeviceFS) == MIDI_IDLE)
 347              		.loc 1 215 5 view .LVU89
 348              		.loc 1 215 32 is_stmt 0 view .LVU90
 349 0002 0F4B     		ldr	r3, .L32
 350 0004 1B78     		ldrb	r3, [r3]	@ zero_extendqisi2
 351              		.loc 1 215 8 view .LVU91
 352 0006 03B9     		cbnz	r3, .L30
 353              	.L26:
ARM GAS  C:\Users\Kuanysh\AppData\Local\Temp\cc0nxVPm.s 			page 11


 216:Core/Src/midi_router.c ****     {
 217:Core/Src/midi_router.c ****         if (buffUsbReportNextIndex != MIDI_EPIN_SIZE)
 218:Core/Src/midi_router.c ****         {
 219:Core/Src/midi_router.c ****             memset(&buffUsbReport[buffUsbReportNextIndex], 0x00, (MIDI_EPIN_SIZE - buffUsbReportNex
 220:Core/Src/midi_router.c ****         }
 221:Core/Src/midi_router.c ****         USBD_MIDI_SendReport(&hUsbDeviceFS, buffUsbReport, MIDI_EPIN_SIZE);
 222:Core/Src/midi_router.c ****         buffUsbReportNextIndex = 0;
 223:Core/Src/midi_router.c ****     }
 224:Core/Src/midi_router.c **** }
 354              		.loc 1 224 1 view .LVU92
 355 0008 08BD     		pop	{r3, pc}
 356              	.L30:
 215:Core/Src/midi_router.c ****     {
 357              		.loc 1 215 40 discriminator 1 view .LVU93
 358 000a 0E48     		ldr	r0, .L32+4
 359 000c FFF7FEFF 		bl	USBD_MIDI_GetState
 360              	.LVL20:
 215:Core/Src/midi_router.c ****     {
 361              		.loc 1 215 37 discriminator 1 view .LVU94
 362 0010 0028     		cmp	r0, #0
 363 0012 F9D1     		bne	.L26
 217:Core/Src/midi_router.c ****         {
 364              		.loc 1 217 9 is_stmt 1 view .LVU95
 217:Core/Src/midi_router.c ****         {
 365              		.loc 1 217 36 is_stmt 0 view .LVU96
 366 0014 0A4B     		ldr	r3, .L32
 367 0016 1B78     		ldrb	r3, [r3]	@ zero_extendqisi2
 217:Core/Src/midi_router.c ****         {
 368              		.loc 1 217 12 view .LVU97
 369 0018 402B     		cmp	r3, #64
 370 001a 08D1     		bne	.L31
 371              	.L28:
 221:Core/Src/midi_router.c ****         buffUsbReportNextIndex = 0;
 372              		.loc 1 221 9 is_stmt 1 view .LVU98
 373 001c 4022     		movs	r2, #64
 374 001e 0A49     		ldr	r1, .L32+8
 375 0020 0848     		ldr	r0, .L32+4
 376 0022 FFF7FEFF 		bl	USBD_MIDI_SendReport
 377              	.LVL21:
 222:Core/Src/midi_router.c ****     }
 378              		.loc 1 222 9 view .LVU99
 222:Core/Src/midi_router.c ****     }
 379              		.loc 1 222 32 is_stmt 0 view .LVU100
 380 0026 064B     		ldr	r3, .L32
 381 0028 0022     		movs	r2, #0
 382 002a 1A70     		strb	r2, [r3]
 383              		.loc 1 224 1 view .LVU101
 384 002c ECE7     		b	.L26
 385              	.L31:
 219:Core/Src/midi_router.c ****         }
 386              		.loc 1 219 13 is_stmt 1 view .LVU102
 387 002e C3F14002 		rsb	r2, r3, #64
 388 0032 0021     		movs	r1, #0
 389 0034 0448     		ldr	r0, .L32+8
 390 0036 1844     		add	r0, r0, r3
 391 0038 FFF7FEFF 		bl	memset
 392              	.LVL22:
ARM GAS  C:\Users\Kuanysh\AppData\Local\Temp\cc0nxVPm.s 			page 12


 393 003c EEE7     		b	.L28
 394              	.L33:
 395 003e 00BF     		.align	2
 396              	.L32:
 397 0040 00000000 		.word	.LANCHOR3
 398 0044 00000000 		.word	hUsbDeviceFS
 399 0048 00000000 		.word	.LANCHOR4
 400              		.cfi_endproc
 401              	.LFE72:
 403              		.section	.bss.buffUsb,"aw",%nobits
 404              		.align	2
 405              		.set	.LANCHOR1,. + 0
 408              	buffUsb:
 409 0000 00000000 		.space	256
 409      00000000 
 409      00000000 
 409      00000000 
 409      00000000 
 410              		.section	.bss.buffUsbCurrIndex,"aw",%nobits
 411              		.set	.LANCHOR2,. + 0
 414              	buffUsbCurrIndex:
 415 0000 00       		.space	1
 416              		.section	.bss.buffUsbNextIndex,"aw",%nobits
 417              		.set	.LANCHOR0,. + 0
 420              	buffUsbNextIndex:
 421 0000 00       		.space	1
 422              		.section	.bss.buffUsbReport,"aw",%nobits
 423              		.align	2
 424              		.set	.LANCHOR4,. + 0
 427              	buffUsbReport:
 428 0000 00000000 		.space	64
 428      00000000 
 428      00000000 
 428      00000000 
 428      00000000 
 429              		.section	.bss.buffUsbReportNextIndex,"aw",%nobits
 430              		.set	.LANCHOR3,. + 0
 433              	buffUsbReportNextIndex:
 434 0000 00       		.space	1
 435              		.text
 436              	.Letext0:
 437              		.file 2 "c:\\program files (x86)\\gnu arm embedded toolchain\\10 2021.10\\arm-none-eabi\\include\\
 438              		.file 3 "c:\\program files (x86)\\gnu arm embedded toolchain\\10 2021.10\\arm-none-eabi\\include\\
 439              		.file 4 "Middlewares/ST/STM32_USB_Device_Library/Core/Inc/usbd_def.h"
 440              		.file 5 "Middlewares/ST/STM32_USB_Device_Library/Class/MIDI/Inc/usbd_midi.h"
 441              		.file 6 "<built-in>"
ARM GAS  C:\Users\Kuanysh\AppData\Local\Temp\cc0nxVPm.s 			page 13


DEFINED SYMBOLS
                            *ABS*:00000000 midi_router.c
C:\Users\Kuanysh\AppData\Local\Temp\cc0nxVPm.s:18     .text.USBD_MIDI_DataInHandler:00000000 $t
C:\Users\Kuanysh\AppData\Local\Temp\cc0nxVPm.s:24     .text.USBD_MIDI_DataInHandler:00000000 USBD_MIDI_DataInHandler
C:\Users\Kuanysh\AppData\Local\Temp\cc0nxVPm.s:122    .text.USBD_MIDI_DataInHandler:00000058 $d
C:\Users\Kuanysh\AppData\Local\Temp\cc0nxVPm.s:128    .text.MIDI_HasUSBData:00000000 $t
C:\Users\Kuanysh\AppData\Local\Temp\cc0nxVPm.s:134    .text.MIDI_HasUSBData:00000000 MIDI_HasUSBData
C:\Users\Kuanysh\AppData\Local\Temp\cc0nxVPm.s:156    .text.MIDI_HasUSBData:00000014 $d
C:\Users\Kuanysh\AppData\Local\Temp\cc0nxVPm.s:162    .text.MIDI_ProcessUSBData:00000000 $t
C:\Users\Kuanysh\AppData\Local\Temp\cc0nxVPm.s:168    .text.MIDI_ProcessUSBData:00000000 MIDI_ProcessUSBData
C:\Users\Kuanysh\AppData\Local\Temp\cc0nxVPm.s:212    .text.MIDI_ProcessUSBData:00000018 $d
C:\Users\Kuanysh\AppData\Local\Temp\cc0nxVPm.s:218    .text.MIDI_addUSBReport:00000000 $t
C:\Users\Kuanysh\AppData\Local\Temp\cc0nxVPm.s:224    .text.MIDI_addUSBReport:00000000 MIDI_addUSBReport
C:\Users\Kuanysh\AppData\Local\Temp\cc0nxVPm.s:315    .text.MIDI_addUSBReport:00000060 $d
C:\Users\Kuanysh\AppData\Local\Temp\cc0nxVPm.s:322    .text.MIDI_ProcessUARTData:00000000 $t
C:\Users\Kuanysh\AppData\Local\Temp\cc0nxVPm.s:328    .text.MIDI_ProcessUARTData:00000000 MIDI_ProcessUARTData
C:\Users\Kuanysh\AppData\Local\Temp\cc0nxVPm.s:397    .text.MIDI_ProcessUARTData:00000040 $d
C:\Users\Kuanysh\AppData\Local\Temp\cc0nxVPm.s:404    .bss.buffUsb:00000000 $d
C:\Users\Kuanysh\AppData\Local\Temp\cc0nxVPm.s:408    .bss.buffUsb:00000000 buffUsb
C:\Users\Kuanysh\AppData\Local\Temp\cc0nxVPm.s:414    .bss.buffUsbCurrIndex:00000000 buffUsbCurrIndex
C:\Users\Kuanysh\AppData\Local\Temp\cc0nxVPm.s:415    .bss.buffUsbCurrIndex:00000000 $d
C:\Users\Kuanysh\AppData\Local\Temp\cc0nxVPm.s:420    .bss.buffUsbNextIndex:00000000 buffUsbNextIndex
C:\Users\Kuanysh\AppData\Local\Temp\cc0nxVPm.s:421    .bss.buffUsbNextIndex:00000000 $d
C:\Users\Kuanysh\AppData\Local\Temp\cc0nxVPm.s:423    .bss.buffUsbReport:00000000 $d
C:\Users\Kuanysh\AppData\Local\Temp\cc0nxVPm.s:427    .bss.buffUsbReport:00000000 buffUsbReport
C:\Users\Kuanysh\AppData\Local\Temp\cc0nxVPm.s:433    .bss.buffUsbReportNextIndex:00000000 buffUsbReportNextIndex
C:\Users\Kuanysh\AppData\Local\Temp\cc0nxVPm.s:434    .bss.buffUsbReportNextIndex:00000000 $d

UNDEFINED SYMBOLS
USBD_MIDI_GetState
USBD_MIDI_SendReport
hUsbDeviceFS
memset
