ARM GAS  C:\Users\Kuanysh\AppData\Local\Temp\ccUoWI5q.s 			page 1


   1              		.cpu cortex-m3
   2              		.arch armv7-m
   3              		.fpu softvfp
   4              		.eabi_attribute 20, 1
   5              		.eabi_attribute 21, 1
   6              		.eabi_attribute 23, 3
   7              		.eabi_attribute 24, 1
   8              		.eabi_attribute 25, 1
   9              		.eabi_attribute 26, 1
  10              		.eabi_attribute 30, 1
  11              		.eabi_attribute 34, 1
  12              		.eabi_attribute 18, 4
  13              		.file	"usb_device.c"
  14              		.text
  15              	.Ltext0:
  16              		.cfi_sections	.debug_frame
  17              		.section	.text.MX_USB_DEVICE_Init,"ax",%progbits
  18              		.align	1
  19              		.global	MX_USB_DEVICE_Init
  20              		.syntax unified
  21              		.thumb
  22              		.thumb_func
  24              	MX_USB_DEVICE_Init:
  25              	.LFB68:
  26              		.file 1 "USB_DEVICE/App/usb_device.c"
   1:USB_DEVICE/App/usb_device.c **** /* USER CODE BEGIN Header */
   2:USB_DEVICE/App/usb_device.c **** /**
   3:USB_DEVICE/App/usb_device.c ****   ******************************************************************************
   4:USB_DEVICE/App/usb_device.c ****   * @file           : usb_device.c
   5:USB_DEVICE/App/usb_device.c ****   * @version        : v2.0_Cube
   6:USB_DEVICE/App/usb_device.c ****   * @brief          : This file implements the USB Device
   7:USB_DEVICE/App/usb_device.c ****   ******************************************************************************
   8:USB_DEVICE/App/usb_device.c ****   * @attention
   9:USB_DEVICE/App/usb_device.c ****   *
  10:USB_DEVICE/App/usb_device.c ****   * Copyright (c) 2022 STMicroelectronics.
  11:USB_DEVICE/App/usb_device.c ****   * All rights reserved.
  12:USB_DEVICE/App/usb_device.c ****   *
  13:USB_DEVICE/App/usb_device.c ****   * This software is licensed under terms that can be found in the LICENSE file
  14:USB_DEVICE/App/usb_device.c ****   * in the root directory of this software component.
  15:USB_DEVICE/App/usb_device.c ****   * If no LICENSE file comes with this software, it is provided AS-IS.
  16:USB_DEVICE/App/usb_device.c ****   *
  17:USB_DEVICE/App/usb_device.c ****   ******************************************************************************
  18:USB_DEVICE/App/usb_device.c ****   */
  19:USB_DEVICE/App/usb_device.c **** /* USER CODE END Header */
  20:USB_DEVICE/App/usb_device.c **** 
  21:USB_DEVICE/App/usb_device.c **** /* Includes ------------------------------------------------------------------*/
  22:USB_DEVICE/App/usb_device.c **** 
  23:USB_DEVICE/App/usb_device.c **** #include "../../../../../GitHub/Midi-Key-F10x/USB_DEVICE/App/usb_device.h"
  24:USB_DEVICE/App/usb_device.c **** #include "usbd_core.h"
  25:USB_DEVICE/App/usb_device.c **** #include "../../../../../GitHub/Midi-Key-F10x/USB_DEVICE/App/usbd_desc.h"
  26:USB_DEVICE/App/usb_device.c **** #include "../../../../../GitHub/Midi-Key-F10x/Middlewares/ST/STM32_USB_Device_Library/Class/MIDI/In
  27:USB_DEVICE/App/usb_device.c **** 
  28:USB_DEVICE/App/usb_device.c **** /* USER CODE BEGIN Includes */
  29:USB_DEVICE/App/usb_device.c **** 
  30:USB_DEVICE/App/usb_device.c **** /* USER CODE END Includes */
  31:USB_DEVICE/App/usb_device.c **** 
  32:USB_DEVICE/App/usb_device.c **** /* USER CODE BEGIN PV */
ARM GAS  C:\Users\Kuanysh\AppData\Local\Temp\ccUoWI5q.s 			page 2


  33:USB_DEVICE/App/usb_device.c **** /* Private variables ---------------------------------------------------------*/
  34:USB_DEVICE/App/usb_device.c **** 
  35:USB_DEVICE/App/usb_device.c **** /* USER CODE END PV */
  36:USB_DEVICE/App/usb_device.c **** 
  37:USB_DEVICE/App/usb_device.c **** /* USER CODE BEGIN PFP */
  38:USB_DEVICE/App/usb_device.c **** /* Private function prototypes -----------------------------------------------*/
  39:USB_DEVICE/App/usb_device.c **** 
  40:USB_DEVICE/App/usb_device.c **** /* USER CODE END PFP */
  41:USB_DEVICE/App/usb_device.c **** 
  42:USB_DEVICE/App/usb_device.c **** /* USB Device Core handle declaration. */
  43:USB_DEVICE/App/usb_device.c **** USBD_HandleTypeDef hUsbDeviceFS;
  44:USB_DEVICE/App/usb_device.c **** 
  45:USB_DEVICE/App/usb_device.c **** /*
  46:USB_DEVICE/App/usb_device.c ****  * -- Insert your variables declaration here --
  47:USB_DEVICE/App/usb_device.c ****  */
  48:USB_DEVICE/App/usb_device.c **** /* USER CODE BEGIN 0 */
  49:USB_DEVICE/App/usb_device.c **** 
  50:USB_DEVICE/App/usb_device.c **** /* USER CODE END 0 */
  51:USB_DEVICE/App/usb_device.c **** 
  52:USB_DEVICE/App/usb_device.c **** /*
  53:USB_DEVICE/App/usb_device.c ****  * -- Insert your external function declaration here --
  54:USB_DEVICE/App/usb_device.c ****  */
  55:USB_DEVICE/App/usb_device.c **** /* USER CODE BEGIN 1 */
  56:USB_DEVICE/App/usb_device.c **** 
  57:USB_DEVICE/App/usb_device.c **** /* USER CODE END 1 */
  58:USB_DEVICE/App/usb_device.c **** 
  59:USB_DEVICE/App/usb_device.c **** /**
  60:USB_DEVICE/App/usb_device.c ****   * Init USB device Library, add supported class and start the library
  61:USB_DEVICE/App/usb_device.c ****   * @retval None
  62:USB_DEVICE/App/usb_device.c ****   */
  63:USB_DEVICE/App/usb_device.c **** void MX_USB_DEVICE_Init(void)
  64:USB_DEVICE/App/usb_device.c **** {
  27              		.loc 1 64 1 view -0
  28              		.cfi_startproc
  29              		@ args = 0, pretend = 0, frame = 0
  30              		@ frame_needed = 0, uses_anonymous_args = 0
  31 0000 08B5     		push	{r3, lr}
  32              	.LCFI0:
  33              		.cfi_def_cfa_offset 8
  34              		.cfi_offset 3, -8
  35              		.cfi_offset 14, -4
  65:USB_DEVICE/App/usb_device.c ****   /* USER CODE BEGIN USB_DEVICE_Init_PreTreatment */
  66:USB_DEVICE/App/usb_device.c **** 
  67:USB_DEVICE/App/usb_device.c ****   /* USER CODE END USB_DEVICE_Init_PreTreatment */
  68:USB_DEVICE/App/usb_device.c **** 
  69:USB_DEVICE/App/usb_device.c ****   /* Init Device Library, add supported class and start the library. */
  70:USB_DEVICE/App/usb_device.c ****   if (USBD_Init(&hUsbDeviceFS, &FS_Desc, DEVICE_FS) != USBD_OK)
  36              		.loc 1 70 3 view .LVU1
  37              		.loc 1 70 7 is_stmt 0 view .LVU2
  38 0002 0022     		movs	r2, #0
  39 0004 0B49     		ldr	r1, .L9
  40 0006 0C48     		ldr	r0, .L9+4
  41 0008 FFF7FEFF 		bl	USBD_Init
  42              	.LVL0:
  43              		.loc 1 70 6 view .LVU3
  44 000c 48B9     		cbnz	r0, .L6
  45              	.L2:
ARM GAS  C:\Users\Kuanysh\AppData\Local\Temp\ccUoWI5q.s 			page 3


  71:USB_DEVICE/App/usb_device.c ****   {
  72:USB_DEVICE/App/usb_device.c ****     Error_Handler();
  73:USB_DEVICE/App/usb_device.c ****   }
  74:USB_DEVICE/App/usb_device.c ****     if (USBD_RegisterClass(&hUsbDeviceFS, &USBD_MIDI) != USBD_OK)
  46              		.loc 1 74 5 is_stmt 1 view .LVU4
  47              		.loc 1 74 9 is_stmt 0 view .LVU5
  48 000e 0B49     		ldr	r1, .L9+8
  49 0010 0948     		ldr	r0, .L9+4
  50 0012 FFF7FEFF 		bl	USBD_RegisterClass
  51              	.LVL1:
  52              		.loc 1 74 8 view .LVU6
  53 0016 38B9     		cbnz	r0, .L7
  54              	.L3:
  75:USB_DEVICE/App/usb_device.c ****   {
  76:USB_DEVICE/App/usb_device.c ****     Error_Handler();
  77:USB_DEVICE/App/usb_device.c ****   }
  78:USB_DEVICE/App/usb_device.c ****   if (USBD_Start(&hUsbDeviceFS) != USBD_OK)
  55              		.loc 1 78 3 is_stmt 1 view .LVU7
  56              		.loc 1 78 7 is_stmt 0 view .LVU8
  57 0018 0748     		ldr	r0, .L9+4
  58 001a FFF7FEFF 		bl	USBD_Start
  59              	.LVL2:
  60              		.loc 1 78 6 view .LVU9
  61 001e 30B9     		cbnz	r0, .L8
  62              	.L1:
  79:USB_DEVICE/App/usb_device.c ****   {
  80:USB_DEVICE/App/usb_device.c ****     Error_Handler();
  81:USB_DEVICE/App/usb_device.c ****   }
  82:USB_DEVICE/App/usb_device.c **** 
  83:USB_DEVICE/App/usb_device.c ****   /* USER CODE BEGIN USB_DEVICE_Init_PostTreatment */
  84:USB_DEVICE/App/usb_device.c **** 
  85:USB_DEVICE/App/usb_device.c ****   /* USER CODE END USB_DEVICE_Init_PostTreatment */
  86:USB_DEVICE/App/usb_device.c **** }
  63              		.loc 1 86 1 view .LVU10
  64 0020 08BD     		pop	{r3, pc}
  65              	.L6:
  72:USB_DEVICE/App/usb_device.c ****   }
  66              		.loc 1 72 5 is_stmt 1 view .LVU11
  67 0022 FFF7FEFF 		bl	Error_Handler
  68              	.LVL3:
  69 0026 F2E7     		b	.L2
  70              	.L7:
  76:USB_DEVICE/App/usb_device.c ****   }
  71              		.loc 1 76 5 view .LVU12
  72 0028 FFF7FEFF 		bl	Error_Handler
  73              	.LVL4:
  74 002c F4E7     		b	.L3
  75              	.L8:
  80:USB_DEVICE/App/usb_device.c ****   }
  76              		.loc 1 80 5 view .LVU13
  77 002e FFF7FEFF 		bl	Error_Handler
  78              	.LVL5:
  79              		.loc 1 86 1 is_stmt 0 view .LVU14
  80 0032 F5E7     		b	.L1
  81              	.L10:
  82              		.align	2
  83              	.L9:
ARM GAS  C:\Users\Kuanysh\AppData\Local\Temp\ccUoWI5q.s 			page 4


  84 0034 00000000 		.word	FS_Desc
  85 0038 00000000 		.word	.LANCHOR0
  86 003c 00000000 		.word	USBD_MIDI
  87              		.cfi_endproc
  88              	.LFE68:
  90              		.global	hUsbDeviceFS
  91              		.section	.bss.hUsbDeviceFS,"aw",%nobits
  92              		.align	2
  93              		.set	.LANCHOR0,. + 0
  96              	hUsbDeviceFS:
  97 0000 00000000 		.space	708
  97      00000000 
  97      00000000 
  97      00000000 
  97      00000000 
  98              		.text
  99              	.Letext0:
 100              		.file 2 "c:\\program files (x86)\\gnu arm embedded toolchain\\10 2021.10\\arm-none-eabi\\include\\
 101              		.file 3 "c:\\program files (x86)\\gnu arm embedded toolchain\\10 2021.10\\arm-none-eabi\\include\\
 102              		.file 4 "Middlewares/ST/STM32_USB_Device_Library/Core/Inc/usbd_def.h"
 103              		.file 5 "c:\\users\\kuanysh\\documents\\github\\midi-key-f10x\\usb_device\\app\\usbd_desc.h"
 104              		.file 6 "c:\\users\\kuanysh\\documents\\github\\midi-key-f10x\\middlewares\\st\\stm32_usb_device_l
 105              		.file 7 "Middlewares/ST/STM32_USB_Device_Library/Core/Inc/usbd_core.h"
 106              		.file 8 "Core/Inc/main.h"
ARM GAS  C:\Users\Kuanysh\AppData\Local\Temp\ccUoWI5q.s 			page 5


DEFINED SYMBOLS
                            *ABS*:00000000 usb_device.c
C:\Users\Kuanysh\AppData\Local\Temp\ccUoWI5q.s:18     .text.MX_USB_DEVICE_Init:00000000 $t
C:\Users\Kuanysh\AppData\Local\Temp\ccUoWI5q.s:24     .text.MX_USB_DEVICE_Init:00000000 MX_USB_DEVICE_Init
C:\Users\Kuanysh\AppData\Local\Temp\ccUoWI5q.s:84     .text.MX_USB_DEVICE_Init:00000034 $d
C:\Users\Kuanysh\AppData\Local\Temp\ccUoWI5q.s:96     .bss.hUsbDeviceFS:00000000 hUsbDeviceFS
C:\Users\Kuanysh\AppData\Local\Temp\ccUoWI5q.s:92     .bss.hUsbDeviceFS:00000000 $d

UNDEFINED SYMBOLS
USBD_Init
USBD_RegisterClass
USBD_Start
Error_Handler
FS_Desc
USBD_MIDI
