ARM GAS  C:\Users\Kuanysh\AppData\Local\Temp\ccQWvHbu.s 			page 1


   1              		.cpu cortex-m3
   2              		.arch armv7-m
   3              		.fpu softvfp
   4              		.eabi_attribute 20, 1
   5              		.eabi_attribute 21, 1
   6              		.eabi_attribute 23, 3
   7              		.eabi_attribute 24, 1
   8              		.eabi_attribute 25, 1
   9              		.eabi_attribute 26, 1
  10              		.eabi_attribute 30, 1
  11              		.eabi_attribute 34, 1
  12              		.eabi_attribute 18, 4
  13              		.file	"usbd_desc.c"
  14              		.text
  15              	.Ltext0:
  16              		.cfi_sections	.debug_frame
  17              		.section	.text.USBD_FS_DeviceDescriptor,"ax",%progbits
  18              		.align	1
  19              		.global	USBD_FS_DeviceDescriptor
  20              		.syntax unified
  21              		.thumb
  22              		.thumb_func
  24              	USBD_FS_DeviceDescriptor:
  25              	.LVL0:
  26              	.LFB68:
  27              		.file 1 "USB_DEVICE/App/usbd_desc.c"
   1:USB_DEVICE/App/usbd_desc.c **** /* USER CODE BEGIN Header */
   2:USB_DEVICE/App/usbd_desc.c **** /**
   3:USB_DEVICE/App/usbd_desc.c ****   ******************************************************************************
   4:USB_DEVICE/App/usbd_desc.c ****   * @file           : App/usbd_desc.c
   5:USB_DEVICE/App/usbd_desc.c ****   * @version        : v2.0_Cube
   6:USB_DEVICE/App/usbd_desc.c ****   * @brief          : This file implements the USB device descriptors.
   7:USB_DEVICE/App/usbd_desc.c ****   ******************************************************************************
   8:USB_DEVICE/App/usbd_desc.c ****   * @attention
   9:USB_DEVICE/App/usbd_desc.c ****   *
  10:USB_DEVICE/App/usbd_desc.c ****   * Copyright (c) 2022 STMicroelectronics.
  11:USB_DEVICE/App/usbd_desc.c ****   * All rights reserved.
  12:USB_DEVICE/App/usbd_desc.c ****   *
  13:USB_DEVICE/App/usbd_desc.c ****   * This software is licensed under terms that can be found in the LICENSE file
  14:USB_DEVICE/App/usbd_desc.c ****   * in the root directory of this software component.
  15:USB_DEVICE/App/usbd_desc.c ****   * If no LICENSE file comes with this software, it is provided AS-IS.
  16:USB_DEVICE/App/usbd_desc.c ****   *
  17:USB_DEVICE/App/usbd_desc.c ****   ******************************************************************************
  18:USB_DEVICE/App/usbd_desc.c ****   */
  19:USB_DEVICE/App/usbd_desc.c **** /* USER CODE END Header */
  20:USB_DEVICE/App/usbd_desc.c **** 
  21:USB_DEVICE/App/usbd_desc.c **** /* Includes ------------------------------------------------------------------*/
  22:USB_DEVICE/App/usbd_desc.c **** #include "usbd_core.h"
  23:USB_DEVICE/App/usbd_desc.c **** #include "usbd_desc.h"
  24:USB_DEVICE/App/usbd_desc.c **** #include "usbd_conf.h"
  25:USB_DEVICE/App/usbd_desc.c **** 
  26:USB_DEVICE/App/usbd_desc.c **** /* USER CODE BEGIN INCLUDE */
  27:USB_DEVICE/App/usbd_desc.c **** 
  28:USB_DEVICE/App/usbd_desc.c **** /* USER CODE END INCLUDE */
  29:USB_DEVICE/App/usbd_desc.c **** 
  30:USB_DEVICE/App/usbd_desc.c **** /* Private typedef -----------------------------------------------------------*/
  31:USB_DEVICE/App/usbd_desc.c **** /* Private define ------------------------------------------------------------*/
ARM GAS  C:\Users\Kuanysh\AppData\Local\Temp\ccQWvHbu.s 			page 2


  32:USB_DEVICE/App/usbd_desc.c **** /* Private macro -------------------------------------------------------------*/
  33:USB_DEVICE/App/usbd_desc.c **** 
  34:USB_DEVICE/App/usbd_desc.c **** /* USER CODE BEGIN PV */
  35:USB_DEVICE/App/usbd_desc.c **** /* Private variables ---------------------------------------------------------*/
  36:USB_DEVICE/App/usbd_desc.c **** 
  37:USB_DEVICE/App/usbd_desc.c **** /* USER CODE END PV */
  38:USB_DEVICE/App/usbd_desc.c **** 
  39:USB_DEVICE/App/usbd_desc.c **** /** @addtogroup STM32_USB_OTG_DEVICE_LIBRARY
  40:USB_DEVICE/App/usbd_desc.c ****   * @{
  41:USB_DEVICE/App/usbd_desc.c ****   */
  42:USB_DEVICE/App/usbd_desc.c **** 
  43:USB_DEVICE/App/usbd_desc.c **** /** @addtogroup USBD_DESC
  44:USB_DEVICE/App/usbd_desc.c ****   * @{
  45:USB_DEVICE/App/usbd_desc.c ****   */
  46:USB_DEVICE/App/usbd_desc.c **** 
  47:USB_DEVICE/App/usbd_desc.c **** /** @defgroup USBD_DESC_Private_TypesDefinitions USBD_DESC_Private_TypesDefinitions
  48:USB_DEVICE/App/usbd_desc.c ****   * @brief Private types.
  49:USB_DEVICE/App/usbd_desc.c ****   * @{
  50:USB_DEVICE/App/usbd_desc.c ****   */
  51:USB_DEVICE/App/usbd_desc.c **** 
  52:USB_DEVICE/App/usbd_desc.c **** /* USER CODE BEGIN PRIVATE_TYPES */
  53:USB_DEVICE/App/usbd_desc.c **** 
  54:USB_DEVICE/App/usbd_desc.c **** /* USER CODE END PRIVATE_TYPES */
  55:USB_DEVICE/App/usbd_desc.c **** 
  56:USB_DEVICE/App/usbd_desc.c **** /**
  57:USB_DEVICE/App/usbd_desc.c ****   * @}
  58:USB_DEVICE/App/usbd_desc.c ****   */
  59:USB_DEVICE/App/usbd_desc.c **** 
  60:USB_DEVICE/App/usbd_desc.c **** /** @defgroup USBD_DESC_Private_Defines USBD_DESC_Private_Defines
  61:USB_DEVICE/App/usbd_desc.c ****   * @brief Private defines.
  62:USB_DEVICE/App/usbd_desc.c ****   * @{
  63:USB_DEVICE/App/usbd_desc.c ****   */
  64:USB_DEVICE/App/usbd_desc.c **** 
  65:USB_DEVICE/App/usbd_desc.c **** #define USBD_VID     1155
  66:USB_DEVICE/App/usbd_desc.c **** #define USBD_LANGID_STRING     1033
  67:USB_DEVICE/App/usbd_desc.c **** #define USBD_MANUFACTURER_STRING     "STMicroelectronics"
  68:USB_DEVICE/App/usbd_desc.c **** #define USBD_PID_FS     22315
  69:USB_DEVICE/App/usbd_desc.c **** #define USBD_PRODUCT_STRING_FS     "STM32 Human interface"
  70:USB_DEVICE/App/usbd_desc.c **** #define USBD_CONFIGURATION_STRING_FS     "HID Config"
  71:USB_DEVICE/App/usbd_desc.c **** #define USBD_INTERFACE_STRING_FS     "HID Interface"
  72:USB_DEVICE/App/usbd_desc.c **** 
  73:USB_DEVICE/App/usbd_desc.c **** /* USER CODE BEGIN PRIVATE_DEFINES */
  74:USB_DEVICE/App/usbd_desc.c **** 
  75:USB_DEVICE/App/usbd_desc.c **** /* USER CODE END PRIVATE_DEFINES */
  76:USB_DEVICE/App/usbd_desc.c **** 
  77:USB_DEVICE/App/usbd_desc.c **** /**
  78:USB_DEVICE/App/usbd_desc.c ****   * @}
  79:USB_DEVICE/App/usbd_desc.c ****   */
  80:USB_DEVICE/App/usbd_desc.c **** 
  81:USB_DEVICE/App/usbd_desc.c **** /* USER CODE BEGIN 0 */
  82:USB_DEVICE/App/usbd_desc.c **** 
  83:USB_DEVICE/App/usbd_desc.c **** /* USER CODE END 0 */
  84:USB_DEVICE/App/usbd_desc.c **** 
  85:USB_DEVICE/App/usbd_desc.c **** /** @defgroup USBD_DESC_Private_Macros USBD_DESC_Private_Macros
  86:USB_DEVICE/App/usbd_desc.c ****   * @brief Private macros.
  87:USB_DEVICE/App/usbd_desc.c ****   * @{
  88:USB_DEVICE/App/usbd_desc.c ****   */
ARM GAS  C:\Users\Kuanysh\AppData\Local\Temp\ccQWvHbu.s 			page 3


  89:USB_DEVICE/App/usbd_desc.c **** 
  90:USB_DEVICE/App/usbd_desc.c **** /* USER CODE BEGIN PRIVATE_MACRO */
  91:USB_DEVICE/App/usbd_desc.c **** 
  92:USB_DEVICE/App/usbd_desc.c **** /* USER CODE END PRIVATE_MACRO */
  93:USB_DEVICE/App/usbd_desc.c **** 
  94:USB_DEVICE/App/usbd_desc.c **** /**
  95:USB_DEVICE/App/usbd_desc.c ****   * @}
  96:USB_DEVICE/App/usbd_desc.c ****   */
  97:USB_DEVICE/App/usbd_desc.c **** 
  98:USB_DEVICE/App/usbd_desc.c **** /** @defgroup USBD_DESC_Private_FunctionPrototypes USBD_DESC_Private_FunctionPrototypes
  99:USB_DEVICE/App/usbd_desc.c ****   * @brief Private functions declaration.
 100:USB_DEVICE/App/usbd_desc.c ****   * @{
 101:USB_DEVICE/App/usbd_desc.c ****   */
 102:USB_DEVICE/App/usbd_desc.c **** 
 103:USB_DEVICE/App/usbd_desc.c **** static void Get_SerialNum(void);
 104:USB_DEVICE/App/usbd_desc.c **** static void IntToUnicode(uint32_t value, uint8_t * pbuf, uint8_t len);
 105:USB_DEVICE/App/usbd_desc.c **** 
 106:USB_DEVICE/App/usbd_desc.c **** /**
 107:USB_DEVICE/App/usbd_desc.c ****   * @}
 108:USB_DEVICE/App/usbd_desc.c ****   */
 109:USB_DEVICE/App/usbd_desc.c **** 
 110:USB_DEVICE/App/usbd_desc.c **** /** @defgroup USBD_DESC_Private_FunctionPrototypes USBD_DESC_Private_FunctionPrototypes
 111:USB_DEVICE/App/usbd_desc.c ****   * @brief Private functions declaration for FS.
 112:USB_DEVICE/App/usbd_desc.c ****   * @{
 113:USB_DEVICE/App/usbd_desc.c ****   */
 114:USB_DEVICE/App/usbd_desc.c **** 
 115:USB_DEVICE/App/usbd_desc.c **** uint8_t * USBD_FS_DeviceDescriptor(USBD_SpeedTypeDef speed, uint16_t *length);
 116:USB_DEVICE/App/usbd_desc.c **** uint8_t * USBD_FS_LangIDStrDescriptor(USBD_SpeedTypeDef speed, uint16_t *length);
 117:USB_DEVICE/App/usbd_desc.c **** uint8_t * USBD_FS_ManufacturerStrDescriptor(USBD_SpeedTypeDef speed, uint16_t *length);
 118:USB_DEVICE/App/usbd_desc.c **** uint8_t * USBD_FS_ProductStrDescriptor(USBD_SpeedTypeDef speed, uint16_t *length);
 119:USB_DEVICE/App/usbd_desc.c **** uint8_t * USBD_FS_SerialStrDescriptor(USBD_SpeedTypeDef speed, uint16_t *length);
 120:USB_DEVICE/App/usbd_desc.c **** uint8_t * USBD_FS_ConfigStrDescriptor(USBD_SpeedTypeDef speed, uint16_t *length);
 121:USB_DEVICE/App/usbd_desc.c **** uint8_t * USBD_FS_InterfaceStrDescriptor(USBD_SpeedTypeDef speed, uint16_t *length);
 122:USB_DEVICE/App/usbd_desc.c **** 
 123:USB_DEVICE/App/usbd_desc.c **** /**
 124:USB_DEVICE/App/usbd_desc.c ****   * @}
 125:USB_DEVICE/App/usbd_desc.c ****   */
 126:USB_DEVICE/App/usbd_desc.c **** 
 127:USB_DEVICE/App/usbd_desc.c **** /** @defgroup USBD_DESC_Private_Variables USBD_DESC_Private_Variables
 128:USB_DEVICE/App/usbd_desc.c ****   * @brief Private variables.
 129:USB_DEVICE/App/usbd_desc.c ****   * @{
 130:USB_DEVICE/App/usbd_desc.c ****   */
 131:USB_DEVICE/App/usbd_desc.c **** 
 132:USB_DEVICE/App/usbd_desc.c **** USBD_DescriptorsTypeDef FS_Desc =
 133:USB_DEVICE/App/usbd_desc.c **** {
 134:USB_DEVICE/App/usbd_desc.c ****   USBD_FS_DeviceDescriptor
 135:USB_DEVICE/App/usbd_desc.c **** , USBD_FS_LangIDStrDescriptor
 136:USB_DEVICE/App/usbd_desc.c **** , USBD_FS_ManufacturerStrDescriptor
 137:USB_DEVICE/App/usbd_desc.c **** , USBD_FS_ProductStrDescriptor
 138:USB_DEVICE/App/usbd_desc.c **** , USBD_FS_SerialStrDescriptor
 139:USB_DEVICE/App/usbd_desc.c **** , USBD_FS_ConfigStrDescriptor
 140:USB_DEVICE/App/usbd_desc.c **** , USBD_FS_InterfaceStrDescriptor
 141:USB_DEVICE/App/usbd_desc.c **** };
 142:USB_DEVICE/App/usbd_desc.c **** 
 143:USB_DEVICE/App/usbd_desc.c **** #if defined ( __ICCARM__ ) /* IAR Compiler */
 144:USB_DEVICE/App/usbd_desc.c ****   #pragma data_alignment=4
 145:USB_DEVICE/App/usbd_desc.c **** #endif /* defined ( __ICCARM__ ) */
ARM GAS  C:\Users\Kuanysh\AppData\Local\Temp\ccQWvHbu.s 			page 4


 146:USB_DEVICE/App/usbd_desc.c **** /** USB standard device descriptor. */
 147:USB_DEVICE/App/usbd_desc.c **** __ALIGN_BEGIN uint8_t USBD_FS_DeviceDesc[USB_LEN_DEV_DESC] __ALIGN_END =
 148:USB_DEVICE/App/usbd_desc.c **** {
 149:USB_DEVICE/App/usbd_desc.c ****   0x12,                       /*bLength */
 150:USB_DEVICE/App/usbd_desc.c ****   USB_DESC_TYPE_DEVICE,       /*bDescriptorType*/
 151:USB_DEVICE/App/usbd_desc.c ****   0x00,                       /*bcdUSB */
 152:USB_DEVICE/App/usbd_desc.c ****   0x02,
 153:USB_DEVICE/App/usbd_desc.c ****   0x00,                       /*bDeviceClass*/
 154:USB_DEVICE/App/usbd_desc.c ****   0x00,                       /*bDeviceSubClass*/
 155:USB_DEVICE/App/usbd_desc.c ****   0x00,                       /*bDeviceProtocol*/
 156:USB_DEVICE/App/usbd_desc.c ****   USB_MAX_EP0_SIZE,           /*bMaxPacketSize*/
 157:USB_DEVICE/App/usbd_desc.c ****   LOBYTE(USBD_VID),           /*idVendor*/
 158:USB_DEVICE/App/usbd_desc.c ****   HIBYTE(USBD_VID),           /*idVendor*/
 159:USB_DEVICE/App/usbd_desc.c ****   LOBYTE(USBD_PID_FS),        /*idProduct*/
 160:USB_DEVICE/App/usbd_desc.c ****   HIBYTE(USBD_PID_FS),        /*idProduct*/
 161:USB_DEVICE/App/usbd_desc.c ****   0x00,                       /*bcdDevice rel. 2.00*/
 162:USB_DEVICE/App/usbd_desc.c ****   0x02,
 163:USB_DEVICE/App/usbd_desc.c ****   USBD_IDX_MFC_STR,           /*Index of manufacturer  string*/
 164:USB_DEVICE/App/usbd_desc.c ****   USBD_IDX_PRODUCT_STR,       /*Index of product string*/
 165:USB_DEVICE/App/usbd_desc.c ****   USBD_IDX_SERIAL_STR,        /*Index of serial number string*/
 166:USB_DEVICE/App/usbd_desc.c ****   USBD_MAX_NUM_CONFIGURATION  /*bNumConfigurations*/
 167:USB_DEVICE/App/usbd_desc.c **** };
 168:USB_DEVICE/App/usbd_desc.c **** 
 169:USB_DEVICE/App/usbd_desc.c **** /* USB_DeviceDescriptor */
 170:USB_DEVICE/App/usbd_desc.c **** 
 171:USB_DEVICE/App/usbd_desc.c **** /**
 172:USB_DEVICE/App/usbd_desc.c ****   * @}
 173:USB_DEVICE/App/usbd_desc.c ****   */
 174:USB_DEVICE/App/usbd_desc.c **** 
 175:USB_DEVICE/App/usbd_desc.c **** /** @defgroup USBD_DESC_Private_Variables USBD_DESC_Private_Variables
 176:USB_DEVICE/App/usbd_desc.c ****   * @brief Private variables.
 177:USB_DEVICE/App/usbd_desc.c ****   * @{
 178:USB_DEVICE/App/usbd_desc.c ****   */
 179:USB_DEVICE/App/usbd_desc.c **** 
 180:USB_DEVICE/App/usbd_desc.c **** #if defined ( __ICCARM__ ) /* IAR Compiler */
 181:USB_DEVICE/App/usbd_desc.c ****   #pragma data_alignment=4
 182:USB_DEVICE/App/usbd_desc.c **** #endif /* defined ( __ICCARM__ ) */
 183:USB_DEVICE/App/usbd_desc.c **** 
 184:USB_DEVICE/App/usbd_desc.c **** /** USB lang identifier descriptor. */
 185:USB_DEVICE/App/usbd_desc.c **** __ALIGN_BEGIN uint8_t USBD_LangIDDesc[USB_LEN_LANGID_STR_DESC] __ALIGN_END =
 186:USB_DEVICE/App/usbd_desc.c **** {
 187:USB_DEVICE/App/usbd_desc.c ****      USB_LEN_LANGID_STR_DESC,
 188:USB_DEVICE/App/usbd_desc.c ****      USB_DESC_TYPE_STRING,
 189:USB_DEVICE/App/usbd_desc.c ****      LOBYTE(USBD_LANGID_STRING),
 190:USB_DEVICE/App/usbd_desc.c ****      HIBYTE(USBD_LANGID_STRING)
 191:USB_DEVICE/App/usbd_desc.c **** };
 192:USB_DEVICE/App/usbd_desc.c **** 
 193:USB_DEVICE/App/usbd_desc.c **** #if defined ( __ICCARM__ ) /* IAR Compiler */
 194:USB_DEVICE/App/usbd_desc.c ****   #pragma data_alignment=4
 195:USB_DEVICE/App/usbd_desc.c **** #endif /* defined ( __ICCARM__ ) */
 196:USB_DEVICE/App/usbd_desc.c **** /* Internal string descriptor. */
 197:USB_DEVICE/App/usbd_desc.c **** __ALIGN_BEGIN uint8_t USBD_StrDesc[USBD_MAX_STR_DESC_SIZ] __ALIGN_END;
 198:USB_DEVICE/App/usbd_desc.c **** 
 199:USB_DEVICE/App/usbd_desc.c **** #if defined ( __ICCARM__ ) /*!< IAR Compiler */
 200:USB_DEVICE/App/usbd_desc.c ****   #pragma data_alignment=4
 201:USB_DEVICE/App/usbd_desc.c **** #endif
 202:USB_DEVICE/App/usbd_desc.c **** __ALIGN_BEGIN uint8_t USBD_StringSerial[USB_SIZ_STRING_SERIAL] __ALIGN_END = {
ARM GAS  C:\Users\Kuanysh\AppData\Local\Temp\ccQWvHbu.s 			page 5


 203:USB_DEVICE/App/usbd_desc.c ****   USB_SIZ_STRING_SERIAL,
 204:USB_DEVICE/App/usbd_desc.c ****   USB_DESC_TYPE_STRING,
 205:USB_DEVICE/App/usbd_desc.c **** };
 206:USB_DEVICE/App/usbd_desc.c **** 
 207:USB_DEVICE/App/usbd_desc.c **** /**
 208:USB_DEVICE/App/usbd_desc.c ****   * @}
 209:USB_DEVICE/App/usbd_desc.c ****   */
 210:USB_DEVICE/App/usbd_desc.c **** 
 211:USB_DEVICE/App/usbd_desc.c **** /** @defgroup USBD_DESC_Private_Functions USBD_DESC_Private_Functions
 212:USB_DEVICE/App/usbd_desc.c ****   * @brief Private functions.
 213:USB_DEVICE/App/usbd_desc.c ****   * @{
 214:USB_DEVICE/App/usbd_desc.c ****   */
 215:USB_DEVICE/App/usbd_desc.c **** 
 216:USB_DEVICE/App/usbd_desc.c **** /**
 217:USB_DEVICE/App/usbd_desc.c ****   * @brief  Return the device descriptor
 218:USB_DEVICE/App/usbd_desc.c ****   * @param  speed : Current device speed
 219:USB_DEVICE/App/usbd_desc.c ****   * @param  length : Pointer to data length variable
 220:USB_DEVICE/App/usbd_desc.c ****   * @retval Pointer to descriptor buffer
 221:USB_DEVICE/App/usbd_desc.c ****   */
 222:USB_DEVICE/App/usbd_desc.c **** uint8_t * USBD_FS_DeviceDescriptor(USBD_SpeedTypeDef speed, uint16_t *length)
 223:USB_DEVICE/App/usbd_desc.c **** {
  28              		.loc 1 223 1 view -0
  29              		.cfi_startproc
  30              		@ args = 0, pretend = 0, frame = 0
  31              		@ frame_needed = 0, uses_anonymous_args = 0
  32              		@ link register save eliminated.
 224:USB_DEVICE/App/usbd_desc.c ****   UNUSED(speed);
  33              		.loc 1 224 3 view .LVU1
 225:USB_DEVICE/App/usbd_desc.c ****   *length = sizeof(USBD_FS_DeviceDesc);
  34              		.loc 1 225 3 view .LVU2
  35              		.loc 1 225 11 is_stmt 0 view .LVU3
  36 0000 1223     		movs	r3, #18
  37 0002 0B80     		strh	r3, [r1]	@ movhi
 226:USB_DEVICE/App/usbd_desc.c ****   return USBD_FS_DeviceDesc;
  38              		.loc 1 226 3 is_stmt 1 view .LVU4
 227:USB_DEVICE/App/usbd_desc.c **** }
  39              		.loc 1 227 1 is_stmt 0 view .LVU5
  40 0004 0048     		ldr	r0, .L2
  41              	.LVL1:
  42              		.loc 1 227 1 view .LVU6
  43 0006 7047     		bx	lr
  44              	.L3:
  45              		.align	2
  46              	.L2:
  47 0008 00000000 		.word	.LANCHOR0
  48              		.cfi_endproc
  49              	.LFE68:
  51              		.section	.text.USBD_FS_LangIDStrDescriptor,"ax",%progbits
  52              		.align	1
  53              		.global	USBD_FS_LangIDStrDescriptor
  54              		.syntax unified
  55              		.thumb
  56              		.thumb_func
  58              	USBD_FS_LangIDStrDescriptor:
  59              	.LVL2:
  60              	.LFB69:
 228:USB_DEVICE/App/usbd_desc.c **** 
ARM GAS  C:\Users\Kuanysh\AppData\Local\Temp\ccQWvHbu.s 			page 6


 229:USB_DEVICE/App/usbd_desc.c **** /**
 230:USB_DEVICE/App/usbd_desc.c ****   * @brief  Return the LangID string descriptor
 231:USB_DEVICE/App/usbd_desc.c ****   * @param  speed : Current device speed
 232:USB_DEVICE/App/usbd_desc.c ****   * @param  length : Pointer to data length variable
 233:USB_DEVICE/App/usbd_desc.c ****   * @retval Pointer to descriptor buffer
 234:USB_DEVICE/App/usbd_desc.c ****   */
 235:USB_DEVICE/App/usbd_desc.c **** uint8_t * USBD_FS_LangIDStrDescriptor(USBD_SpeedTypeDef speed, uint16_t *length)
 236:USB_DEVICE/App/usbd_desc.c **** {
  61              		.loc 1 236 1 is_stmt 1 view -0
  62              		.cfi_startproc
  63              		@ args = 0, pretend = 0, frame = 0
  64              		@ frame_needed = 0, uses_anonymous_args = 0
  65              		@ link register save eliminated.
 237:USB_DEVICE/App/usbd_desc.c ****   UNUSED(speed);
  66              		.loc 1 237 3 view .LVU8
 238:USB_DEVICE/App/usbd_desc.c ****   *length = sizeof(USBD_LangIDDesc);
  67              		.loc 1 238 3 view .LVU9
  68              		.loc 1 238 11 is_stmt 0 view .LVU10
  69 0000 0423     		movs	r3, #4
  70 0002 0B80     		strh	r3, [r1]	@ movhi
 239:USB_DEVICE/App/usbd_desc.c ****   return USBD_LangIDDesc;
  71              		.loc 1 239 3 is_stmt 1 view .LVU11
 240:USB_DEVICE/App/usbd_desc.c **** }
  72              		.loc 1 240 1 is_stmt 0 view .LVU12
  73 0004 0048     		ldr	r0, .L5
  74              	.LVL3:
  75              		.loc 1 240 1 view .LVU13
  76 0006 7047     		bx	lr
  77              	.L6:
  78              		.align	2
  79              	.L5:
  80 0008 00000000 		.word	.LANCHOR1
  81              		.cfi_endproc
  82              	.LFE69:
  84              		.section	.text.IntToUnicode,"ax",%progbits
  85              		.align	1
  86              		.syntax unified
  87              		.thumb
  88              		.thumb_func
  90              	IntToUnicode:
  91              	.LVL4:
  92              	.LFB76:
 241:USB_DEVICE/App/usbd_desc.c **** 
 242:USB_DEVICE/App/usbd_desc.c **** /**
 243:USB_DEVICE/App/usbd_desc.c ****   * @brief  Return the product string descriptor
 244:USB_DEVICE/App/usbd_desc.c ****   * @param  speed : Current device speed
 245:USB_DEVICE/App/usbd_desc.c ****   * @param  length : Pointer to data length variable
 246:USB_DEVICE/App/usbd_desc.c ****   * @retval Pointer to descriptor buffer
 247:USB_DEVICE/App/usbd_desc.c ****   */
 248:USB_DEVICE/App/usbd_desc.c **** uint8_t * USBD_FS_ProductStrDescriptor(USBD_SpeedTypeDef speed, uint16_t *length)
 249:USB_DEVICE/App/usbd_desc.c **** {
 250:USB_DEVICE/App/usbd_desc.c ****   if(speed == 0)
 251:USB_DEVICE/App/usbd_desc.c ****   {
 252:USB_DEVICE/App/usbd_desc.c ****     USBD_GetString((uint8_t *)USBD_PRODUCT_STRING_FS, USBD_StrDesc, length);
 253:USB_DEVICE/App/usbd_desc.c ****   }
 254:USB_DEVICE/App/usbd_desc.c ****   else
 255:USB_DEVICE/App/usbd_desc.c ****   {
ARM GAS  C:\Users\Kuanysh\AppData\Local\Temp\ccQWvHbu.s 			page 7


 256:USB_DEVICE/App/usbd_desc.c ****     USBD_GetString((uint8_t *)USBD_PRODUCT_STRING_FS, USBD_StrDesc, length);
 257:USB_DEVICE/App/usbd_desc.c ****   }
 258:USB_DEVICE/App/usbd_desc.c ****   return USBD_StrDesc;
 259:USB_DEVICE/App/usbd_desc.c **** }
 260:USB_DEVICE/App/usbd_desc.c **** 
 261:USB_DEVICE/App/usbd_desc.c **** /**
 262:USB_DEVICE/App/usbd_desc.c ****   * @brief  Return the manufacturer string descriptor
 263:USB_DEVICE/App/usbd_desc.c ****   * @param  speed : Current device speed
 264:USB_DEVICE/App/usbd_desc.c ****   * @param  length : Pointer to data length variable
 265:USB_DEVICE/App/usbd_desc.c ****   * @retval Pointer to descriptor buffer
 266:USB_DEVICE/App/usbd_desc.c ****   */
 267:USB_DEVICE/App/usbd_desc.c **** uint8_t * USBD_FS_ManufacturerStrDescriptor(USBD_SpeedTypeDef speed, uint16_t *length)
 268:USB_DEVICE/App/usbd_desc.c **** {
 269:USB_DEVICE/App/usbd_desc.c ****   UNUSED(speed);
 270:USB_DEVICE/App/usbd_desc.c ****   USBD_GetString((uint8_t *)USBD_MANUFACTURER_STRING, USBD_StrDesc, length);
 271:USB_DEVICE/App/usbd_desc.c ****   return USBD_StrDesc;
 272:USB_DEVICE/App/usbd_desc.c **** }
 273:USB_DEVICE/App/usbd_desc.c **** 
 274:USB_DEVICE/App/usbd_desc.c **** /**
 275:USB_DEVICE/App/usbd_desc.c ****   * @brief  Return the serial number string descriptor
 276:USB_DEVICE/App/usbd_desc.c ****   * @param  speed : Current device speed
 277:USB_DEVICE/App/usbd_desc.c ****   * @param  length : Pointer to data length variable
 278:USB_DEVICE/App/usbd_desc.c ****   * @retval Pointer to descriptor buffer
 279:USB_DEVICE/App/usbd_desc.c ****   */
 280:USB_DEVICE/App/usbd_desc.c **** uint8_t * USBD_FS_SerialStrDescriptor(USBD_SpeedTypeDef speed, uint16_t *length)
 281:USB_DEVICE/App/usbd_desc.c **** {
 282:USB_DEVICE/App/usbd_desc.c ****   UNUSED(speed);
 283:USB_DEVICE/App/usbd_desc.c ****   *length = USB_SIZ_STRING_SERIAL;
 284:USB_DEVICE/App/usbd_desc.c **** 
 285:USB_DEVICE/App/usbd_desc.c ****   /* Update the serial number string descriptor with the data from the unique
 286:USB_DEVICE/App/usbd_desc.c ****    * ID */
 287:USB_DEVICE/App/usbd_desc.c ****   Get_SerialNum();
 288:USB_DEVICE/App/usbd_desc.c ****   /* USER CODE BEGIN USBD_FS_SerialStrDescriptor */
 289:USB_DEVICE/App/usbd_desc.c **** 
 290:USB_DEVICE/App/usbd_desc.c ****   /* USER CODE END USBD_FS_SerialStrDescriptor */
 291:USB_DEVICE/App/usbd_desc.c ****   return (uint8_t *) USBD_StringSerial;
 292:USB_DEVICE/App/usbd_desc.c **** }
 293:USB_DEVICE/App/usbd_desc.c **** 
 294:USB_DEVICE/App/usbd_desc.c **** /**
 295:USB_DEVICE/App/usbd_desc.c ****   * @brief  Return the configuration string descriptor
 296:USB_DEVICE/App/usbd_desc.c ****   * @param  speed : Current device speed
 297:USB_DEVICE/App/usbd_desc.c ****   * @param  length : Pointer to data length variable
 298:USB_DEVICE/App/usbd_desc.c ****   * @retval Pointer to descriptor buffer
 299:USB_DEVICE/App/usbd_desc.c ****   */
 300:USB_DEVICE/App/usbd_desc.c **** uint8_t * USBD_FS_ConfigStrDescriptor(USBD_SpeedTypeDef speed, uint16_t *length)
 301:USB_DEVICE/App/usbd_desc.c **** {
 302:USB_DEVICE/App/usbd_desc.c ****   if(speed == USBD_SPEED_HIGH)
 303:USB_DEVICE/App/usbd_desc.c ****   {
 304:USB_DEVICE/App/usbd_desc.c ****     USBD_GetString((uint8_t *)USBD_CONFIGURATION_STRING_FS, USBD_StrDesc, length);
 305:USB_DEVICE/App/usbd_desc.c ****   }
 306:USB_DEVICE/App/usbd_desc.c ****   else
 307:USB_DEVICE/App/usbd_desc.c ****   {
 308:USB_DEVICE/App/usbd_desc.c ****     USBD_GetString((uint8_t *)USBD_CONFIGURATION_STRING_FS, USBD_StrDesc, length);
 309:USB_DEVICE/App/usbd_desc.c ****   }
 310:USB_DEVICE/App/usbd_desc.c ****   return USBD_StrDesc;
 311:USB_DEVICE/App/usbd_desc.c **** }
 312:USB_DEVICE/App/usbd_desc.c **** 
ARM GAS  C:\Users\Kuanysh\AppData\Local\Temp\ccQWvHbu.s 			page 8


 313:USB_DEVICE/App/usbd_desc.c **** /**
 314:USB_DEVICE/App/usbd_desc.c ****   * @brief  Return the interface string descriptor
 315:USB_DEVICE/App/usbd_desc.c ****   * @param  speed : Current device speed
 316:USB_DEVICE/App/usbd_desc.c ****   * @param  length : Pointer to data length variable
 317:USB_DEVICE/App/usbd_desc.c ****   * @retval Pointer to descriptor buffer
 318:USB_DEVICE/App/usbd_desc.c ****   */
 319:USB_DEVICE/App/usbd_desc.c **** uint8_t * USBD_FS_InterfaceStrDescriptor(USBD_SpeedTypeDef speed, uint16_t *length)
 320:USB_DEVICE/App/usbd_desc.c **** {
 321:USB_DEVICE/App/usbd_desc.c ****   if(speed == 0)
 322:USB_DEVICE/App/usbd_desc.c ****   {
 323:USB_DEVICE/App/usbd_desc.c ****     USBD_GetString((uint8_t *)USBD_INTERFACE_STRING_FS, USBD_StrDesc, length);
 324:USB_DEVICE/App/usbd_desc.c ****   }
 325:USB_DEVICE/App/usbd_desc.c ****   else
 326:USB_DEVICE/App/usbd_desc.c ****   {
 327:USB_DEVICE/App/usbd_desc.c ****     USBD_GetString((uint8_t *)USBD_INTERFACE_STRING_FS, USBD_StrDesc, length);
 328:USB_DEVICE/App/usbd_desc.c ****   }
 329:USB_DEVICE/App/usbd_desc.c ****   return USBD_StrDesc;
 330:USB_DEVICE/App/usbd_desc.c **** }
 331:USB_DEVICE/App/usbd_desc.c **** 
 332:USB_DEVICE/App/usbd_desc.c **** /**
 333:USB_DEVICE/App/usbd_desc.c ****   * @brief  Create the serial number string descriptor
 334:USB_DEVICE/App/usbd_desc.c ****   * @param  None
 335:USB_DEVICE/App/usbd_desc.c ****   * @retval None
 336:USB_DEVICE/App/usbd_desc.c ****   */
 337:USB_DEVICE/App/usbd_desc.c **** static void Get_SerialNum(void)
 338:USB_DEVICE/App/usbd_desc.c **** {
 339:USB_DEVICE/App/usbd_desc.c ****   uint32_t deviceserial0, deviceserial1, deviceserial2;
 340:USB_DEVICE/App/usbd_desc.c **** 
 341:USB_DEVICE/App/usbd_desc.c ****   deviceserial0 = *(uint32_t *) DEVICE_ID1;
 342:USB_DEVICE/App/usbd_desc.c ****   deviceserial1 = *(uint32_t *) DEVICE_ID2;
 343:USB_DEVICE/App/usbd_desc.c ****   deviceserial2 = *(uint32_t *) DEVICE_ID3;
 344:USB_DEVICE/App/usbd_desc.c **** 
 345:USB_DEVICE/App/usbd_desc.c ****   deviceserial0 += deviceserial2;
 346:USB_DEVICE/App/usbd_desc.c **** 
 347:USB_DEVICE/App/usbd_desc.c ****   if (deviceserial0 != 0)
 348:USB_DEVICE/App/usbd_desc.c ****   {
 349:USB_DEVICE/App/usbd_desc.c ****     IntToUnicode(deviceserial0, &USBD_StringSerial[2], 8);
 350:USB_DEVICE/App/usbd_desc.c ****     IntToUnicode(deviceserial1, &USBD_StringSerial[18], 4);
 351:USB_DEVICE/App/usbd_desc.c ****   }
 352:USB_DEVICE/App/usbd_desc.c **** }
 353:USB_DEVICE/App/usbd_desc.c **** 
 354:USB_DEVICE/App/usbd_desc.c **** /**
 355:USB_DEVICE/App/usbd_desc.c ****   * @brief  Convert Hex 32Bits value into char
 356:USB_DEVICE/App/usbd_desc.c ****   * @param  value: value to convert
 357:USB_DEVICE/App/usbd_desc.c ****   * @param  pbuf: pointer to the buffer
 358:USB_DEVICE/App/usbd_desc.c ****   * @param  len: buffer length
 359:USB_DEVICE/App/usbd_desc.c ****   * @retval None
 360:USB_DEVICE/App/usbd_desc.c ****   */
 361:USB_DEVICE/App/usbd_desc.c **** static void IntToUnicode(uint32_t value, uint8_t * pbuf, uint8_t len)
 362:USB_DEVICE/App/usbd_desc.c **** {
  93              		.loc 1 362 1 is_stmt 1 view -0
  94              		.cfi_startproc
  95              		@ args = 0, pretend = 0, frame = 0
  96              		@ frame_needed = 0, uses_anonymous_args = 0
 363:USB_DEVICE/App/usbd_desc.c ****   uint8_t idx = 0;
  97              		.loc 1 363 3 view .LVU15
 364:USB_DEVICE/App/usbd_desc.c **** 
ARM GAS  C:\Users\Kuanysh\AppData\Local\Temp\ccQWvHbu.s 			page 9


 365:USB_DEVICE/App/usbd_desc.c ****   for (idx = 0; idx < len; idx++)
  98              		.loc 1 365 3 view .LVU16
  99              		.loc 1 365 12 is_stmt 0 view .LVU17
 100 0000 0023     		movs	r3, #0
 101              	.LVL5:
 102              		.loc 1 365 17 is_stmt 1 view .LVU18
 103              		.loc 1 365 3 is_stmt 0 view .LVU19
 104 0002 9342     		cmp	r3, r2
 105 0004 1ED2     		bcs	.L15
 362:USB_DEVICE/App/usbd_desc.c ****   uint8_t idx = 0;
 106              		.loc 1 362 1 view .LVU20
 107 0006 00B5     		push	{lr}
 108              	.LCFI0:
 109              		.cfi_def_cfa_offset 4
 110              		.cfi_offset 14, -4
 111 0008 10E0     		b	.L11
 112              	.L9:
 366:USB_DEVICE/App/usbd_desc.c ****   {
 367:USB_DEVICE/App/usbd_desc.c ****     if (((value >> 28)) < 0xA)
 368:USB_DEVICE/App/usbd_desc.c ****     {
 369:USB_DEVICE/App/usbd_desc.c ****       pbuf[2 * idx] = (value >> 28) + '0';
 370:USB_DEVICE/App/usbd_desc.c ****     }
 371:USB_DEVICE/App/usbd_desc.c ****     else
 372:USB_DEVICE/App/usbd_desc.c ****     {
 373:USB_DEVICE/App/usbd_desc.c ****       pbuf[2 * idx] = (value >> 28) + 'A' - 10;
 113              		.loc 1 373 7 is_stmt 1 view .LVU21
 114              		.loc 1 373 43 is_stmt 0 view .LVU22
 115 000a 0CF1370C 		add	ip, ip, #55
 116              		.loc 1 373 21 view .LVU23
 117 000e 01F813C0 		strb	ip, [r1, r3, lsl #1]
 118              	.L10:
 374:USB_DEVICE/App/usbd_desc.c ****     }
 375:USB_DEVICE/App/usbd_desc.c **** 
 376:USB_DEVICE/App/usbd_desc.c ****     value = value << 4;
 119              		.loc 1 376 5 is_stmt 1 discriminator 2 view .LVU24
 120              		.loc 1 376 11 is_stmt 0 discriminator 2 view .LVU25
 121 0012 0001     		lsls	r0, r0, #4
 122              	.LVL6:
 377:USB_DEVICE/App/usbd_desc.c **** 
 378:USB_DEVICE/App/usbd_desc.c ****     pbuf[2 * idx + 1] = 0;
 123              		.loc 1 378 5 is_stmt 1 discriminator 2 view .LVU26
 124              		.loc 1 378 12 is_stmt 0 discriminator 2 view .LVU27
 125 0014 4FEA430C 		lsl	ip, r3, #1
 126              		.loc 1 378 9 discriminator 2 view .LVU28
 127 0018 0CF1010C 		add	ip, ip, #1
 128              		.loc 1 378 23 discriminator 2 view .LVU29
 129 001c 4FF0000E 		mov	lr, #0
 130 0020 01F80CE0 		strb	lr, [r1, ip]
 365:USB_DEVICE/App/usbd_desc.c ****   {
 131              		.loc 1 365 28 is_stmt 1 discriminator 2 view .LVU30
 365:USB_DEVICE/App/usbd_desc.c ****   {
 132              		.loc 1 365 31 is_stmt 0 discriminator 2 view .LVU31
 133 0024 0133     		adds	r3, r3, #1
 134              	.LVL7:
 365:USB_DEVICE/App/usbd_desc.c ****   {
 135              		.loc 1 365 31 discriminator 2 view .LVU32
 136 0026 DBB2     		uxtb	r3, r3
ARM GAS  C:\Users\Kuanysh\AppData\Local\Temp\ccQWvHbu.s 			page 10


 137              	.LVL8:
 365:USB_DEVICE/App/usbd_desc.c ****   {
 138              		.loc 1 365 17 is_stmt 1 discriminator 2 view .LVU33
 365:USB_DEVICE/App/usbd_desc.c ****   {
 139              		.loc 1 365 3 is_stmt 0 discriminator 2 view .LVU34
 140 0028 9342     		cmp	r3, r2
 141 002a 09D2     		bcs	.L16
 142              	.L11:
 367:USB_DEVICE/App/usbd_desc.c ****     {
 143              		.loc 1 367 5 is_stmt 1 view .LVU35
 367:USB_DEVICE/App/usbd_desc.c ****     {
 144              		.loc 1 367 17 is_stmt 0 view .LVU36
 145 002c 4FEA107C 		lsr	ip, r0, #28
 367:USB_DEVICE/App/usbd_desc.c ****     {
 146              		.loc 1 367 8 view .LVU37
 147 0030 B0F1204F 		cmp	r0, #-1610612736
 148 0034 E9D2     		bcs	.L9
 369:USB_DEVICE/App/usbd_desc.c ****     }
 149              		.loc 1 369 7 is_stmt 1 view .LVU38
 369:USB_DEVICE/App/usbd_desc.c ****     }
 150              		.loc 1 369 37 is_stmt 0 view .LVU39
 151 0036 0CF1300C 		add	ip, ip, #48
 369:USB_DEVICE/App/usbd_desc.c ****     }
 152              		.loc 1 369 21 view .LVU40
 153 003a 01F813C0 		strb	ip, [r1, r3, lsl #1]
 154 003e E8E7     		b	.L10
 155              	.L16:
 379:USB_DEVICE/App/usbd_desc.c ****   }
 380:USB_DEVICE/App/usbd_desc.c **** }
 156              		.loc 1 380 1 view .LVU41
 157 0040 5DF804FB 		ldr	pc, [sp], #4
 158              	.L15:
 159              	.LCFI1:
 160              		.cfi_def_cfa_offset 0
 161              		.cfi_restore 14
 162              		.loc 1 380 1 view .LVU42
 163 0044 7047     		bx	lr
 164              		.cfi_endproc
 165              	.LFE76:
 167              		.section	.text.Get_SerialNum,"ax",%progbits
 168              		.align	1
 169              		.syntax unified
 170              		.thumb
 171              		.thumb_func
 173              	Get_SerialNum:
 174              	.LFB75:
 338:USB_DEVICE/App/usbd_desc.c ****   uint32_t deviceserial0, deviceserial1, deviceserial2;
 175              		.loc 1 338 1 is_stmt 1 view -0
 176              		.cfi_startproc
 177              		@ args = 0, pretend = 0, frame = 0
 178              		@ frame_needed = 0, uses_anonymous_args = 0
 179 0000 38B5     		push	{r3, r4, r5, lr}
 180              	.LCFI2:
 181              		.cfi_def_cfa_offset 16
 182              		.cfi_offset 3, -16
 183              		.cfi_offset 4, -12
 184              		.cfi_offset 5, -8
ARM GAS  C:\Users\Kuanysh\AppData\Local\Temp\ccQWvHbu.s 			page 11


 185              		.cfi_offset 14, -4
 339:USB_DEVICE/App/usbd_desc.c **** 
 186              		.loc 1 339 3 view .LVU44
 341:USB_DEVICE/App/usbd_desc.c ****   deviceserial1 = *(uint32_t *) DEVICE_ID2;
 187              		.loc 1 341 3 view .LVU45
 341:USB_DEVICE/App/usbd_desc.c ****   deviceserial1 = *(uint32_t *) DEVICE_ID2;
 188              		.loc 1 341 17 is_stmt 0 view .LVU46
 189 0002 0B4B     		ldr	r3, .L21
 190 0004 D3F8E807 		ldr	r0, [r3, #2024]
 191              	.LVL9:
 342:USB_DEVICE/App/usbd_desc.c ****   deviceserial2 = *(uint32_t *) DEVICE_ID3;
 192              		.loc 1 342 3 is_stmt 1 view .LVU47
 342:USB_DEVICE/App/usbd_desc.c ****   deviceserial2 = *(uint32_t *) DEVICE_ID3;
 193              		.loc 1 342 17 is_stmt 0 view .LVU48
 194 0008 D3F8EC47 		ldr	r4, [r3, #2028]
 195              	.LVL10:
 343:USB_DEVICE/App/usbd_desc.c **** 
 196              		.loc 1 343 3 is_stmt 1 view .LVU49
 343:USB_DEVICE/App/usbd_desc.c **** 
 197              		.loc 1 343 17 is_stmt 0 view .LVU50
 198 000c D3F8F037 		ldr	r3, [r3, #2032]
 199              	.LVL11:
 345:USB_DEVICE/App/usbd_desc.c **** 
 200              		.loc 1 345 3 is_stmt 1 view .LVU51
 347:USB_DEVICE/App/usbd_desc.c ****   {
 201              		.loc 1 347 3 view .LVU52
 347:USB_DEVICE/App/usbd_desc.c ****   {
 202              		.loc 1 347 6 is_stmt 0 view .LVU53
 203 0010 C018     		adds	r0, r0, r3
 204              	.LVL12:
 347:USB_DEVICE/App/usbd_desc.c ****   {
 205              		.loc 1 347 6 view .LVU54
 206 0012 00D1     		bne	.L20
 207              	.LVL13:
 208              	.L17:
 352:USB_DEVICE/App/usbd_desc.c **** 
 209              		.loc 1 352 1 view .LVU55
 210 0014 38BD     		pop	{r3, r4, r5, pc}
 211              	.LVL14:
 212              	.L20:
 349:USB_DEVICE/App/usbd_desc.c ****     IntToUnicode(deviceserial1, &USBD_StringSerial[18], 4);
 213              		.loc 1 349 5 is_stmt 1 view .LVU56
 214 0016 074D     		ldr	r5, .L21+4
 215 0018 0822     		movs	r2, #8
 216 001a A91C     		adds	r1, r5, #2
 217 001c FFF7FEFF 		bl	IntToUnicode
 218              	.LVL15:
 350:USB_DEVICE/App/usbd_desc.c ****   }
 219              		.loc 1 350 5 view .LVU57
 220 0020 0422     		movs	r2, #4
 221 0022 05F11201 		add	r1, r5, #18
 222 0026 2046     		mov	r0, r4
 223 0028 FFF7FEFF 		bl	IntToUnicode
 224              	.LVL16:
 352:USB_DEVICE/App/usbd_desc.c **** 
 225              		.loc 1 352 1 is_stmt 0 view .LVU58
 226 002c F2E7     		b	.L17
ARM GAS  C:\Users\Kuanysh\AppData\Local\Temp\ccQWvHbu.s 			page 12


 227              	.L22:
 228 002e 00BF     		.align	2
 229              	.L21:
 230 0030 00F0FF1F 		.word	536866816
 231 0034 00000000 		.word	.LANCHOR2
 232              		.cfi_endproc
 233              	.LFE75:
 235              		.section	.text.USBD_FS_SerialStrDescriptor,"ax",%progbits
 236              		.align	1
 237              		.global	USBD_FS_SerialStrDescriptor
 238              		.syntax unified
 239              		.thumb
 240              		.thumb_func
 242              	USBD_FS_SerialStrDescriptor:
 243              	.LVL17:
 244              	.LFB72:
 281:USB_DEVICE/App/usbd_desc.c ****   UNUSED(speed);
 245              		.loc 1 281 1 is_stmt 1 view -0
 246              		.cfi_startproc
 247              		@ args = 0, pretend = 0, frame = 0
 248              		@ frame_needed = 0, uses_anonymous_args = 0
 281:USB_DEVICE/App/usbd_desc.c ****   UNUSED(speed);
 249              		.loc 1 281 1 is_stmt 0 view .LVU60
 250 0000 08B5     		push	{r3, lr}
 251              	.LCFI3:
 252              		.cfi_def_cfa_offset 8
 253              		.cfi_offset 3, -8
 254              		.cfi_offset 14, -4
 282:USB_DEVICE/App/usbd_desc.c ****   *length = USB_SIZ_STRING_SERIAL;
 255              		.loc 1 282 3 is_stmt 1 view .LVU61
 283:USB_DEVICE/App/usbd_desc.c **** 
 256              		.loc 1 283 3 view .LVU62
 283:USB_DEVICE/App/usbd_desc.c **** 
 257              		.loc 1 283 11 is_stmt 0 view .LVU63
 258 0002 1A23     		movs	r3, #26
 259 0004 0B80     		strh	r3, [r1]	@ movhi
 287:USB_DEVICE/App/usbd_desc.c ****   /* USER CODE BEGIN USBD_FS_SerialStrDescriptor */
 260              		.loc 1 287 3 is_stmt 1 view .LVU64
 261 0006 FFF7FEFF 		bl	Get_SerialNum
 262              	.LVL18:
 291:USB_DEVICE/App/usbd_desc.c **** }
 263              		.loc 1 291 3 view .LVU65
 292:USB_DEVICE/App/usbd_desc.c **** 
 264              		.loc 1 292 1 is_stmt 0 view .LVU66
 265 000a 0148     		ldr	r0, .L25
 266 000c 08BD     		pop	{r3, pc}
 267              	.L26:
 268 000e 00BF     		.align	2
 269              	.L25:
 270 0010 00000000 		.word	.LANCHOR2
 271              		.cfi_endproc
 272              	.LFE72:
 274              		.section	.rodata.USBD_FS_ProductStrDescriptor.str1.4,"aMS",%progbits,1
 275              		.align	2
 276              	.LC0:
 277 0000 53544D33 		.ascii	"STM32 Human interface\000"
 277      32204875 
ARM GAS  C:\Users\Kuanysh\AppData\Local\Temp\ccQWvHbu.s 			page 13


 277      6D616E20 
 277      696E7465 
 277      72666163 
 278              		.section	.text.USBD_FS_ProductStrDescriptor,"ax",%progbits
 279              		.align	1
 280              		.global	USBD_FS_ProductStrDescriptor
 281              		.syntax unified
 282              		.thumb
 283              		.thumb_func
 285              	USBD_FS_ProductStrDescriptor:
 286              	.LVL19:
 287              	.LFB70:
 249:USB_DEVICE/App/usbd_desc.c ****   if(speed == 0)
 288              		.loc 1 249 1 is_stmt 1 view -0
 289              		.cfi_startproc
 290              		@ args = 0, pretend = 0, frame = 0
 291              		@ frame_needed = 0, uses_anonymous_args = 0
 249:USB_DEVICE/App/usbd_desc.c ****   if(speed == 0)
 292              		.loc 1 249 1 is_stmt 0 view .LVU68
 293 0000 08B5     		push	{r3, lr}
 294              	.LCFI4:
 295              		.cfi_def_cfa_offset 8
 296              		.cfi_offset 3, -8
 297              		.cfi_offset 14, -4
 298 0002 0A46     		mov	r2, r1
 250:USB_DEVICE/App/usbd_desc.c ****   {
 299              		.loc 1 250 3 is_stmt 1 view .LVU69
 250:USB_DEVICE/App/usbd_desc.c ****   {
 300              		.loc 1 250 5 is_stmt 0 view .LVU70
 301 0004 28B9     		cbnz	r0, .L28
 252:USB_DEVICE/App/usbd_desc.c ****   }
 302              		.loc 1 252 5 is_stmt 1 view .LVU71
 303 0006 0549     		ldr	r1, .L31
 304              	.LVL20:
 252:USB_DEVICE/App/usbd_desc.c ****   }
 305              		.loc 1 252 5 is_stmt 0 view .LVU72
 306 0008 0548     		ldr	r0, .L31+4
 307              	.LVL21:
 252:USB_DEVICE/App/usbd_desc.c ****   }
 308              		.loc 1 252 5 view .LVU73
 309 000a FFF7FEFF 		bl	USBD_GetString
 310              	.LVL22:
 311              	.L29:
 258:USB_DEVICE/App/usbd_desc.c **** }
 312              		.loc 1 258 3 is_stmt 1 view .LVU74
 259:USB_DEVICE/App/usbd_desc.c **** 
 313              		.loc 1 259 1 is_stmt 0 view .LVU75
 314 000e 0348     		ldr	r0, .L31
 315 0010 08BD     		pop	{r3, pc}
 316              	.LVL23:
 317              	.L28:
 256:USB_DEVICE/App/usbd_desc.c ****   }
 318              		.loc 1 256 5 is_stmt 1 view .LVU76
 319 0012 0249     		ldr	r1, .L31
 320              	.LVL24:
 256:USB_DEVICE/App/usbd_desc.c ****   }
 321              		.loc 1 256 5 is_stmt 0 view .LVU77
ARM GAS  C:\Users\Kuanysh\AppData\Local\Temp\ccQWvHbu.s 			page 14


 322 0014 0248     		ldr	r0, .L31+4
 323              	.LVL25:
 256:USB_DEVICE/App/usbd_desc.c ****   }
 324              		.loc 1 256 5 view .LVU78
 325 0016 FFF7FEFF 		bl	USBD_GetString
 326              	.LVL26:
 256:USB_DEVICE/App/usbd_desc.c ****   }
 327              		.loc 1 256 5 view .LVU79
 328 001a F8E7     		b	.L29
 329              	.L32:
 330              		.align	2
 331              	.L31:
 332 001c 00000000 		.word	.LANCHOR3
 333 0020 00000000 		.word	.LC0
 334              		.cfi_endproc
 335              	.LFE70:
 337              		.section	.rodata.USBD_FS_ManufacturerStrDescriptor.str1.4,"aMS",%progbits,1
 338              		.align	2
 339              	.LC1:
 340 0000 53544D69 		.ascii	"STMicroelectronics\000"
 340      63726F65 
 340      6C656374 
 340      726F6E69 
 340      637300
 341              		.section	.text.USBD_FS_ManufacturerStrDescriptor,"ax",%progbits
 342              		.align	1
 343              		.global	USBD_FS_ManufacturerStrDescriptor
 344              		.syntax unified
 345              		.thumb
 346              		.thumb_func
 348              	USBD_FS_ManufacturerStrDescriptor:
 349              	.LVL27:
 350              	.LFB71:
 268:USB_DEVICE/App/usbd_desc.c ****   UNUSED(speed);
 351              		.loc 1 268 1 is_stmt 1 view -0
 352              		.cfi_startproc
 353              		@ args = 0, pretend = 0, frame = 0
 354              		@ frame_needed = 0, uses_anonymous_args = 0
 268:USB_DEVICE/App/usbd_desc.c ****   UNUSED(speed);
 355              		.loc 1 268 1 is_stmt 0 view .LVU81
 356 0000 10B5     		push	{r4, lr}
 357              	.LCFI5:
 358              		.cfi_def_cfa_offset 8
 359              		.cfi_offset 4, -8
 360              		.cfi_offset 14, -4
 361 0002 0A46     		mov	r2, r1
 269:USB_DEVICE/App/usbd_desc.c ****   USBD_GetString((uint8_t *)USBD_MANUFACTURER_STRING, USBD_StrDesc, length);
 362              		.loc 1 269 3 is_stmt 1 view .LVU82
 270:USB_DEVICE/App/usbd_desc.c ****   return USBD_StrDesc;
 363              		.loc 1 270 3 view .LVU83
 364 0004 034C     		ldr	r4, .L35
 365 0006 2146     		mov	r1, r4
 366              	.LVL28:
 270:USB_DEVICE/App/usbd_desc.c ****   return USBD_StrDesc;
 367              		.loc 1 270 3 is_stmt 0 view .LVU84
 368 0008 0348     		ldr	r0, .L35+4
 369              	.LVL29:
ARM GAS  C:\Users\Kuanysh\AppData\Local\Temp\ccQWvHbu.s 			page 15


 270:USB_DEVICE/App/usbd_desc.c ****   return USBD_StrDesc;
 370              		.loc 1 270 3 view .LVU85
 371 000a FFF7FEFF 		bl	USBD_GetString
 372              	.LVL30:
 271:USB_DEVICE/App/usbd_desc.c **** }
 373              		.loc 1 271 3 is_stmt 1 view .LVU86
 272:USB_DEVICE/App/usbd_desc.c **** 
 374              		.loc 1 272 1 is_stmt 0 view .LVU87
 375 000e 2046     		mov	r0, r4
 376 0010 10BD     		pop	{r4, pc}
 377              	.L36:
 378 0012 00BF     		.align	2
 379              	.L35:
 380 0014 00000000 		.word	.LANCHOR3
 381 0018 00000000 		.word	.LC1
 382              		.cfi_endproc
 383              	.LFE71:
 385              		.section	.rodata.USBD_FS_ConfigStrDescriptor.str1.4,"aMS",%progbits,1
 386              		.align	2
 387              	.LC2:
 388 0000 48494420 		.ascii	"HID Config\000"
 388      436F6E66 
 388      696700
 389              		.section	.text.USBD_FS_ConfigStrDescriptor,"ax",%progbits
 390              		.align	1
 391              		.global	USBD_FS_ConfigStrDescriptor
 392              		.syntax unified
 393              		.thumb
 394              		.thumb_func
 396              	USBD_FS_ConfigStrDescriptor:
 397              	.LVL31:
 398              	.LFB73:
 301:USB_DEVICE/App/usbd_desc.c ****   if(speed == USBD_SPEED_HIGH)
 399              		.loc 1 301 1 is_stmt 1 view -0
 400              		.cfi_startproc
 401              		@ args = 0, pretend = 0, frame = 0
 402              		@ frame_needed = 0, uses_anonymous_args = 0
 301:USB_DEVICE/App/usbd_desc.c ****   if(speed == USBD_SPEED_HIGH)
 403              		.loc 1 301 1 is_stmt 0 view .LVU89
 404 0000 08B5     		push	{r3, lr}
 405              	.LCFI6:
 406              		.cfi_def_cfa_offset 8
 407              		.cfi_offset 3, -8
 408              		.cfi_offset 14, -4
 409 0002 0A46     		mov	r2, r1
 302:USB_DEVICE/App/usbd_desc.c ****   {
 410              		.loc 1 302 3 is_stmt 1 view .LVU90
 302:USB_DEVICE/App/usbd_desc.c ****   {
 411              		.loc 1 302 5 is_stmt 0 view .LVU91
 412 0004 28B9     		cbnz	r0, .L38
 304:USB_DEVICE/App/usbd_desc.c ****   }
 413              		.loc 1 304 5 is_stmt 1 view .LVU92
 414 0006 0549     		ldr	r1, .L41
 415              	.LVL32:
 304:USB_DEVICE/App/usbd_desc.c ****   }
 416              		.loc 1 304 5 is_stmt 0 view .LVU93
 417 0008 0548     		ldr	r0, .L41+4
ARM GAS  C:\Users\Kuanysh\AppData\Local\Temp\ccQWvHbu.s 			page 16


 418              	.LVL33:
 304:USB_DEVICE/App/usbd_desc.c ****   }
 419              		.loc 1 304 5 view .LVU94
 420 000a FFF7FEFF 		bl	USBD_GetString
 421              	.LVL34:
 422              	.L39:
 310:USB_DEVICE/App/usbd_desc.c **** }
 423              		.loc 1 310 3 is_stmt 1 view .LVU95
 311:USB_DEVICE/App/usbd_desc.c **** 
 424              		.loc 1 311 1 is_stmt 0 view .LVU96
 425 000e 0348     		ldr	r0, .L41
 426 0010 08BD     		pop	{r3, pc}
 427              	.LVL35:
 428              	.L38:
 308:USB_DEVICE/App/usbd_desc.c ****   }
 429              		.loc 1 308 5 is_stmt 1 view .LVU97
 430 0012 0249     		ldr	r1, .L41
 431              	.LVL36:
 308:USB_DEVICE/App/usbd_desc.c ****   }
 432              		.loc 1 308 5 is_stmt 0 view .LVU98
 433 0014 0248     		ldr	r0, .L41+4
 434              	.LVL37:
 308:USB_DEVICE/App/usbd_desc.c ****   }
 435              		.loc 1 308 5 view .LVU99
 436 0016 FFF7FEFF 		bl	USBD_GetString
 437              	.LVL38:
 308:USB_DEVICE/App/usbd_desc.c ****   }
 438              		.loc 1 308 5 view .LVU100
 439 001a F8E7     		b	.L39
 440              	.L42:
 441              		.align	2
 442              	.L41:
 443 001c 00000000 		.word	.LANCHOR3
 444 0020 00000000 		.word	.LC2
 445              		.cfi_endproc
 446              	.LFE73:
 448              		.section	.rodata.USBD_FS_InterfaceStrDescriptor.str1.4,"aMS",%progbits,1
 449              		.align	2
 450              	.LC3:
 451 0000 48494420 		.ascii	"HID Interface\000"
 451      496E7465 
 451      72666163 
 451      6500
 452              		.section	.text.USBD_FS_InterfaceStrDescriptor,"ax",%progbits
 453              		.align	1
 454              		.global	USBD_FS_InterfaceStrDescriptor
 455              		.syntax unified
 456              		.thumb
 457              		.thumb_func
 459              	USBD_FS_InterfaceStrDescriptor:
 460              	.LVL39:
 461              	.LFB74:
 320:USB_DEVICE/App/usbd_desc.c ****   if(speed == 0)
 462              		.loc 1 320 1 is_stmt 1 view -0
 463              		.cfi_startproc
 464              		@ args = 0, pretend = 0, frame = 0
 465              		@ frame_needed = 0, uses_anonymous_args = 0
ARM GAS  C:\Users\Kuanysh\AppData\Local\Temp\ccQWvHbu.s 			page 17


 320:USB_DEVICE/App/usbd_desc.c ****   if(speed == 0)
 466              		.loc 1 320 1 is_stmt 0 view .LVU102
 467 0000 08B5     		push	{r3, lr}
 468              	.LCFI7:
 469              		.cfi_def_cfa_offset 8
 470              		.cfi_offset 3, -8
 471              		.cfi_offset 14, -4
 472 0002 0A46     		mov	r2, r1
 321:USB_DEVICE/App/usbd_desc.c ****   {
 473              		.loc 1 321 3 is_stmt 1 view .LVU103
 321:USB_DEVICE/App/usbd_desc.c ****   {
 474              		.loc 1 321 5 is_stmt 0 view .LVU104
 475 0004 28B9     		cbnz	r0, .L44
 323:USB_DEVICE/App/usbd_desc.c ****   }
 476              		.loc 1 323 5 is_stmt 1 view .LVU105
 477 0006 0549     		ldr	r1, .L47
 478              	.LVL40:
 323:USB_DEVICE/App/usbd_desc.c ****   }
 479              		.loc 1 323 5 is_stmt 0 view .LVU106
 480 0008 0548     		ldr	r0, .L47+4
 481              	.LVL41:
 323:USB_DEVICE/App/usbd_desc.c ****   }
 482              		.loc 1 323 5 view .LVU107
 483 000a FFF7FEFF 		bl	USBD_GetString
 484              	.LVL42:
 485              	.L45:
 329:USB_DEVICE/App/usbd_desc.c **** }
 486              		.loc 1 329 3 is_stmt 1 view .LVU108
 330:USB_DEVICE/App/usbd_desc.c **** 
 487              		.loc 1 330 1 is_stmt 0 view .LVU109
 488 000e 0348     		ldr	r0, .L47
 489 0010 08BD     		pop	{r3, pc}
 490              	.LVL43:
 491              	.L44:
 327:USB_DEVICE/App/usbd_desc.c ****   }
 492              		.loc 1 327 5 is_stmt 1 view .LVU110
 493 0012 0249     		ldr	r1, .L47
 494              	.LVL44:
 327:USB_DEVICE/App/usbd_desc.c ****   }
 495              		.loc 1 327 5 is_stmt 0 view .LVU111
 496 0014 0248     		ldr	r0, .L47+4
 497              	.LVL45:
 327:USB_DEVICE/App/usbd_desc.c ****   }
 498              		.loc 1 327 5 view .LVU112
 499 0016 FFF7FEFF 		bl	USBD_GetString
 500              	.LVL46:
 327:USB_DEVICE/App/usbd_desc.c ****   }
 501              		.loc 1 327 5 view .LVU113
 502 001a F8E7     		b	.L45
 503              	.L48:
 504              		.align	2
 505              	.L47:
 506 001c 00000000 		.word	.LANCHOR3
 507 0020 00000000 		.word	.LC3
 508              		.cfi_endproc
 509              	.LFE74:
 511              		.global	USBD_StringSerial
ARM GAS  C:\Users\Kuanysh\AppData\Local\Temp\ccQWvHbu.s 			page 18


 512              		.global	USBD_StrDesc
 513              		.global	USBD_LangIDDesc
 514              		.global	USBD_FS_DeviceDesc
 515              		.global	FS_Desc
 516              		.section	.bss.USBD_StrDesc,"aw",%nobits
 517              		.align	2
 518              		.set	.LANCHOR3,. + 0
 521              	USBD_StrDesc:
 522 0000 00000000 		.space	512
 522      00000000 
 522      00000000 
 522      00000000 
 522      00000000 
 523              		.section	.data.FS_Desc,"aw"
 524              		.align	2
 527              	FS_Desc:
 528 0000 00000000 		.word	USBD_FS_DeviceDescriptor
 529 0004 00000000 		.word	USBD_FS_LangIDStrDescriptor
 530 0008 00000000 		.word	USBD_FS_ManufacturerStrDescriptor
 531 000c 00000000 		.word	USBD_FS_ProductStrDescriptor
 532 0010 00000000 		.word	USBD_FS_SerialStrDescriptor
 533 0014 00000000 		.word	USBD_FS_ConfigStrDescriptor
 534 0018 00000000 		.word	USBD_FS_InterfaceStrDescriptor
 535              		.section	.data.USBD_FS_DeviceDesc,"aw"
 536              		.align	2
 537              		.set	.LANCHOR0,. + 0
 540              	USBD_FS_DeviceDesc:
 541 0000 12010002 		.ascii	"\022\001\000\002\000\000\000@\203\004+W\000\002\001"
 541      00000040 
 541      83042B57 
 541      000201
 542 000f 020301   		.ascii	"\002\003\001"
 543              		.section	.data.USBD_LangIDDesc,"aw"
 544              		.align	2
 545              		.set	.LANCHOR1,. + 0
 548              	USBD_LangIDDesc:
 549 0000 04030904 		.ascii	"\004\003\011\004"
 550              		.section	.data.USBD_StringSerial,"aw"
 551              		.align	2
 552              		.set	.LANCHOR2,. + 0
 555              	USBD_StringSerial:
 556 0000 1A0300   		.ascii	"\032\003\000"
 557 0003 00000000 		.space	23
 557      00000000 
 557      00000000 
 557      00000000 
 557      00000000 
 558              		.text
 559              	.Letext0:
 560              		.file 2 "c:\\program files (x86)\\gnu arm embedded toolchain\\10 2021.10\\arm-none-eabi\\include\\
 561              		.file 3 "c:\\program files (x86)\\gnu arm embedded toolchain\\10 2021.10\\arm-none-eabi\\include\\
 562              		.file 4 "Middlewares/ST/STM32_USB_Device_Library/Core/Inc/usbd_def.h"
 563              		.file 5 "USB_DEVICE/App/usbd_desc.h"
 564              		.file 6 "Middlewares/ST/STM32_USB_Device_Library/Core/Inc/usbd_ctlreq.h"
ARM GAS  C:\Users\Kuanysh\AppData\Local\Temp\ccQWvHbu.s 			page 19


DEFINED SYMBOLS
                            *ABS*:00000000 usbd_desc.c
C:\Users\Kuanysh\AppData\Local\Temp\ccQWvHbu.s:18     .text.USBD_FS_DeviceDescriptor:00000000 $t
C:\Users\Kuanysh\AppData\Local\Temp\ccQWvHbu.s:24     .text.USBD_FS_DeviceDescriptor:00000000 USBD_FS_DeviceDescriptor
C:\Users\Kuanysh\AppData\Local\Temp\ccQWvHbu.s:47     .text.USBD_FS_DeviceDescriptor:00000008 $d
C:\Users\Kuanysh\AppData\Local\Temp\ccQWvHbu.s:52     .text.USBD_FS_LangIDStrDescriptor:00000000 $t
C:\Users\Kuanysh\AppData\Local\Temp\ccQWvHbu.s:58     .text.USBD_FS_LangIDStrDescriptor:00000000 USBD_FS_LangIDStrDescriptor
C:\Users\Kuanysh\AppData\Local\Temp\ccQWvHbu.s:80     .text.USBD_FS_LangIDStrDescriptor:00000008 $d
C:\Users\Kuanysh\AppData\Local\Temp\ccQWvHbu.s:85     .text.IntToUnicode:00000000 $t
C:\Users\Kuanysh\AppData\Local\Temp\ccQWvHbu.s:90     .text.IntToUnicode:00000000 IntToUnicode
C:\Users\Kuanysh\AppData\Local\Temp\ccQWvHbu.s:168    .text.Get_SerialNum:00000000 $t
C:\Users\Kuanysh\AppData\Local\Temp\ccQWvHbu.s:173    .text.Get_SerialNum:00000000 Get_SerialNum
C:\Users\Kuanysh\AppData\Local\Temp\ccQWvHbu.s:230    .text.Get_SerialNum:00000030 $d
C:\Users\Kuanysh\AppData\Local\Temp\ccQWvHbu.s:236    .text.USBD_FS_SerialStrDescriptor:00000000 $t
C:\Users\Kuanysh\AppData\Local\Temp\ccQWvHbu.s:242    .text.USBD_FS_SerialStrDescriptor:00000000 USBD_FS_SerialStrDescriptor
C:\Users\Kuanysh\AppData\Local\Temp\ccQWvHbu.s:270    .text.USBD_FS_SerialStrDescriptor:00000010 $d
C:\Users\Kuanysh\AppData\Local\Temp\ccQWvHbu.s:275    .rodata.USBD_FS_ProductStrDescriptor.str1.4:00000000 $d
C:\Users\Kuanysh\AppData\Local\Temp\ccQWvHbu.s:279    .text.USBD_FS_ProductStrDescriptor:00000000 $t
C:\Users\Kuanysh\AppData\Local\Temp\ccQWvHbu.s:285    .text.USBD_FS_ProductStrDescriptor:00000000 USBD_FS_ProductStrDescriptor
C:\Users\Kuanysh\AppData\Local\Temp\ccQWvHbu.s:332    .text.USBD_FS_ProductStrDescriptor:0000001c $d
C:\Users\Kuanysh\AppData\Local\Temp\ccQWvHbu.s:338    .rodata.USBD_FS_ManufacturerStrDescriptor.str1.4:00000000 $d
C:\Users\Kuanysh\AppData\Local\Temp\ccQWvHbu.s:342    .text.USBD_FS_ManufacturerStrDescriptor:00000000 $t
C:\Users\Kuanysh\AppData\Local\Temp\ccQWvHbu.s:348    .text.USBD_FS_ManufacturerStrDescriptor:00000000 USBD_FS_ManufacturerStrDescriptor
C:\Users\Kuanysh\AppData\Local\Temp\ccQWvHbu.s:380    .text.USBD_FS_ManufacturerStrDescriptor:00000014 $d
C:\Users\Kuanysh\AppData\Local\Temp\ccQWvHbu.s:386    .rodata.USBD_FS_ConfigStrDescriptor.str1.4:00000000 $d
C:\Users\Kuanysh\AppData\Local\Temp\ccQWvHbu.s:390    .text.USBD_FS_ConfigStrDescriptor:00000000 $t
C:\Users\Kuanysh\AppData\Local\Temp\ccQWvHbu.s:396    .text.USBD_FS_ConfigStrDescriptor:00000000 USBD_FS_ConfigStrDescriptor
C:\Users\Kuanysh\AppData\Local\Temp\ccQWvHbu.s:443    .text.USBD_FS_ConfigStrDescriptor:0000001c $d
C:\Users\Kuanysh\AppData\Local\Temp\ccQWvHbu.s:449    .rodata.USBD_FS_InterfaceStrDescriptor.str1.4:00000000 $d
C:\Users\Kuanysh\AppData\Local\Temp\ccQWvHbu.s:453    .text.USBD_FS_InterfaceStrDescriptor:00000000 $t
C:\Users\Kuanysh\AppData\Local\Temp\ccQWvHbu.s:459    .text.USBD_FS_InterfaceStrDescriptor:00000000 USBD_FS_InterfaceStrDescriptor
C:\Users\Kuanysh\AppData\Local\Temp\ccQWvHbu.s:506    .text.USBD_FS_InterfaceStrDescriptor:0000001c $d
C:\Users\Kuanysh\AppData\Local\Temp\ccQWvHbu.s:555    .data.USBD_StringSerial:00000000 USBD_StringSerial
C:\Users\Kuanysh\AppData\Local\Temp\ccQWvHbu.s:521    .bss.USBD_StrDesc:00000000 USBD_StrDesc
C:\Users\Kuanysh\AppData\Local\Temp\ccQWvHbu.s:548    .data.USBD_LangIDDesc:00000000 USBD_LangIDDesc
C:\Users\Kuanysh\AppData\Local\Temp\ccQWvHbu.s:540    .data.USBD_FS_DeviceDesc:00000000 USBD_FS_DeviceDesc
C:\Users\Kuanysh\AppData\Local\Temp\ccQWvHbu.s:527    .data.FS_Desc:00000000 FS_Desc
C:\Users\Kuanysh\AppData\Local\Temp\ccQWvHbu.s:517    .bss.USBD_StrDesc:00000000 $d
C:\Users\Kuanysh\AppData\Local\Temp\ccQWvHbu.s:524    .data.FS_Desc:00000000 $d
C:\Users\Kuanysh\AppData\Local\Temp\ccQWvHbu.s:536    .data.USBD_FS_DeviceDesc:00000000 $d
C:\Users\Kuanysh\AppData\Local\Temp\ccQWvHbu.s:544    .data.USBD_LangIDDesc:00000000 $d
C:\Users\Kuanysh\AppData\Local\Temp\ccQWvHbu.s:551    .data.USBD_StringSerial:00000000 $d

UNDEFINED SYMBOLS
USBD_GetString
